{"/Users/xlz/Documents/Code/herculito/src/features/dashboard/lib/muscleGroups.ts": {"path":"/Users/xlz/Documents/Code/herculito/src/features/dashboard/lib/muscleGroups.ts","statementMap":{"0":{"start":{"line":4,"column":67},"end":{"line":12,"column":null}},"1":{"start":{"line":15,"column":60},"end":{"line":54,"column":null}},"2":{"start":{"line":57,"column":33},"end":{"line":67,"column":null}},"3":{"start":{"line":58,"column":15},"end":{"line":58,"column":null}},"4":{"start":{"line":60,"column":2},"end":{"line":64,"column":null}},"5":{"start":{"line":61,"column":4},"end":{"line":63,"column":null}},"6":{"start":{"line":62,"column":6},"end":{"line":62,"column":null}},"7":{"start":{"line":66,"column":2},"end":{"line":66,"column":null}},"8":{"start":{"line":70,"column":44},"end":{"line":103,"column":null}},"9":{"start":{"line":71,"column":2},"end":{"line":73,"column":null}},"10":{"start":{"line":72,"column":4},"end":{"line":72,"column":null}},"11":{"start":{"line":76,"column":57},"end":{"line":84,"column":null}},"12":{"start":{"line":86,"column":2},"end":{"line":89,"column":null}},"13":{"start":{"line":87,"column":18},"end":{"line":87,"column":null}},"14":{"start":{"line":88,"column":4},"end":{"line":88,"column":null}},"15":{"start":{"line":92,"column":17},"end":{"line":92,"column":null}},"16":{"start":{"line":93,"column":34},"end":{"line":93,"column":null}},"17":{"start":{"line":95,"column":2},"end":{"line":100,"column":null}},"18":{"start":{"line":96,"column":4},"end":{"line":99,"column":null}},"19":{"start":{"line":97,"column":6},"end":{"line":97,"column":null}},"20":{"start":{"line":98,"column":6},"end":{"line":98,"column":null}},"21":{"start":{"line":102,"column":2},"end":{"line":102,"column":null}},"22":{"start":{"line":106,"column":40},"end":{"line":108,"column":null}},"23":{"start":{"line":107,"column":2},"end":{"line":107,"column":null}},"24":{"start":{"line":107,"column":36},"end":{"line":107,"column":89}},"25":{"start":{"line":111,"column":41},"end":{"line":165,"column":null}},"26":{"start":{"line":112,"column":2},"end":{"line":164,"column":null}},"27":{"start":{"line":113,"column":4},"end":{"line":113,"column":null}},"28":{"start":{"line":113,"column":56},"end":{"line":113,"column":null}},"29":{"start":{"line":115,"column":18},"end":{"line":115,"column":null}},"30":{"start":{"line":116,"column":25},"end":{"line":116,"column":null}},"31":{"start":{"line":117,"column":4},"end":{"line":117,"column":null}},"32":{"start":{"line":120,"column":31},"end":{"line":123,"column":null}},"33":{"start":{"line":121,"column":25},"end":{"line":121,"column":83}},"34":{"start":{"line":122,"column":22},"end":{"line":122,"column":48}},"35":{"start":{"line":123,"column":23},"end":{"line":123,"column":42}},"36":{"start":{"line":126,"column":4},"end":{"line":126,"column":null}},"37":{"start":{"line":126,"column":41},"end":{"line":126,"column":null}},"38":{"start":{"line":129,"column":37},"end":{"line":129,"column":null}},"39":{"start":{"line":130,"column":28},"end":{"line":130,"column":null}},"40":{"start":{"line":130,"column":54},"end":{"line":130,"column":89}},"41":{"start":{"line":133,"column":4},"end":{"line":151,"column":null}},"42":{"start":{"line":134,"column":50},"end":{"line":134,"column":null}},"43":{"start":{"line":135,"column":6},"end":{"line":137,"column":null}},"44":{"start":{"line":136,"column":8},"end":{"line":136,"column":null}},"45":{"start":{"line":139,"column":21},"end":{"line":139,"column":null}},"46":{"start":{"line":140,"column":42},"end":{"line":140,"column":null}},"47":{"start":{"line":142,"column":6},"end":{"line":148,"column":null}},"48":{"start":{"line":143,"column":22},"end":{"line":143,"column":null}},"49":{"start":{"line":144,"column":8},"end":{"line":147,"column":null}},"50":{"start":{"line":145,"column":10},"end":{"line":145,"column":null}},"51":{"start":{"line":146,"column":10},"end":{"line":146,"column":null}},"52":{"start":{"line":150,"column":6},"end":{"line":150,"column":null}},"53":{"start":{"line":154,"column":20},"end":{"line":154,"column":null}},"54":{"start":{"line":155,"column":23},"end":{"line":155,"column":null}},"55":{"start":{"line":156,"column":15},"end":{"line":156,"column":null}},"56":{"start":{"line":157,"column":4},"end":{"line":159,"column":null}},"57":{"start":{"line":157,"column":21},"end":{"line":157,"column":24}},"58":{"start":{"line":158,"column":6},"end":{"line":158,"column":null}},"59":{"start":{"line":161,"column":4},"end":{"line":161,"column":null}},"60":{"start":{"line":163,"column":4},"end":{"line":163,"column":null}}},"fnMap":{"0":{"name":"(anonymous_0)","decl":{"start":{"line":57,"column":33},"end":{"line":57,"column":34}},"loc":{"start":{"line":57,"column":72},"end":{"line":67,"column":null}},"line":57},"1":{"name":"(anonymous_1)","decl":{"start":{"line":70,"column":44},"end":{"line":70,"column":45}},"loc":{"start":{"line":70,"column":79},"end":{"line":103,"column":null}},"line":70},"2":{"name":"(anonymous_2)","decl":{"start":{"line":86,"column":28},"end":{"line":86,"column":40}},"loc":{"start":{"line":86,"column":40},"end":{"line":89,"column":3}},"line":86},"3":{"name":"(anonymous_3)","decl":{"start":{"line":95,"column":44},"end":{"line":95,"column":45}},"loc":{"start":{"line":95,"column":64},"end":{"line":100,"column":3}},"line":95},"4":{"name":"(anonymous_4)","decl":{"start":{"line":106,"column":40},"end":{"line":106,"column":41}},"loc":{"start":{"line":106,"column":102},"end":{"line":108,"column":null}},"line":106},"5":{"name":"(anonymous_5)","decl":{"start":{"line":107,"column":25},"end":{"line":107,"column":36}},"loc":{"start":{"line":107,"column":36},"end":{"line":107,"column":89}},"line":107},"6":{"name":"(anonymous_6)","decl":{"start":{"line":111,"column":41},"end":{"line":111,"column":42}},"loc":{"start":{"line":111,"column":99},"end":{"line":165,"column":null}},"line":111},"7":{"name":"(anonymous_7)","decl":{"start":{"line":121,"column":14},"end":{"line":121,"column":25}},"loc":{"start":{"line":121,"column":25},"end":{"line":121,"column":83}},"line":121},"8":{"name":"(anonymous_8)","decl":{"start":{"line":122,"column":11},"end":{"line":122,"column":22}},"loc":{"start":{"line":122,"column":22},"end":{"line":122,"column":48}},"line":122},"9":{"name":"(anonymous_9)","decl":{"start":{"line":123,"column":14},"end":{"line":123,"column":23}},"loc":{"start":{"line":123,"column":23},"end":{"line":123,"column":42}},"line":123},"10":{"name":"(anonymous_10)","decl":{"start":{"line":130,"column":45},"end":{"line":130,"column":54}},"loc":{"start":{"line":130,"column":54},"end":{"line":130,"column":89}},"line":130},"11":{"name":"(anonymous_11)","decl":{"start":{"line":135,"column":33},"end":{"line":135,"column":42}},"loc":{"start":{"line":135,"column":42},"end":{"line":137,"column":7}},"line":135},"12":{"name":"(anonymous_12)","decl":{"start":{"line":142,"column":24},"end":{"line":142,"column":33}},"loc":{"start":{"line":142,"column":33},"end":{"line":148,"column":7}},"line":142}},"branchMap":{"0":{"loc":{"start":{"line":61,"column":4},"end":{"line":63,"column":null}},"type":"if","locations":[{"start":{"line":61,"column":4},"end":{"line":63,"column":null}},{"start":{},"end":{}}],"line":61},"1":{"loc":{"start":{"line":71,"column":2},"end":{"line":73,"column":null}},"type":"if","locations":[{"start":{"line":71,"column":2},"end":{"line":73,"column":null}},{"start":{},"end":{}}],"line":71},"2":{"loc":{"start":{"line":87,"column":18},"end":{"line":87,"column":null}},"type":"binary-expr","locations":[{"start":{"line":87,"column":18},"end":{"line":87,"column":42}},{"start":{"line":87,"column":42},"end":{"line":87,"column":null}}],"line":87},"3":{"loc":{"start":{"line":96,"column":4},"end":{"line":99,"column":null}},"type":"if","locations":[{"start":{"line":96,"column":4},"end":{"line":99,"column":null}},{"start":{},"end":{}}],"line":96},"4":{"loc":{"start":{"line":113,"column":4},"end":{"line":113,"column":null}},"type":"if","locations":[{"start":{"line":113,"column":4},"end":{"line":113,"column":null}},{"start":{},"end":{}}],"line":113},"5":{"loc":{"start":{"line":113,"column":8},"end":{"line":113,"column":56}},"type":"binary-expr","locations":[{"start":{"line":113,"column":8},"end":{"line":113,"column":27}},{"start":{"line":113,"column":27},"end":{"line":113,"column":56}}],"line":113},"6":{"loc":{"start":{"line":121,"column":25},"end":{"line":121,"column":83}},"type":"binary-expr","locations":[{"start":{"line":121,"column":25},"end":{"line":121,"column":48}},{"start":{"line":121,"column":48},"end":{"line":121,"column":83}}],"line":121},"7":{"loc":{"start":{"line":126,"column":4},"end":{"line":126,"column":null}},"type":"if","locations":[{"start":{"line":126,"column":4},"end":{"line":126,"column":null}},{"start":{},"end":{}}],"line":126},"8":{"loc":{"start":{"line":133,"column":4},"end":{"line":151,"column":null}},"type":"if","locations":[{"start":{"line":133,"column":4},"end":{"line":151,"column":null}},{"start":{},"end":{}}],"line":133},"9":{"loc":{"start":{"line":136,"column":30},"end":{"line":136,"column":57}},"type":"binary-expr","locations":[{"start":{"line":136,"column":30},"end":{"line":136,"column":52}},{"start":{"line":136,"column":52},"end":{"line":136,"column":57}}],"line":136},"10":{"loc":{"start":{"line":143,"column":22},"end":{"line":143,"column":null}},"type":"binary-expr","locations":[{"start":{"line":143,"column":22},"end":{"line":143,"column":44}},{"start":{"line":143,"column":44},"end":{"line":143,"column":null}}],"line":143},"11":{"loc":{"start":{"line":144,"column":8},"end":{"line":147,"column":null}},"type":"if","locations":[{"start":{"line":144,"column":8},"end":{"line":147,"column":null}},{"start":{},"end":{}}],"line":144}},"s":{"0":1,"1":1,"2":1,"3":31,"4":31,"5":415,"6":28,"7":3,"8":1,"9":12,"10":8,"11":4,"12":4,"13":8,"14":8,"15":4,"16":4,"17":4,"18":28,"19":3,"20":3,"21":4,"22":1,"23":3,"24":7,"25":1,"26":9,"27":9,"28":3,"29":6,"30":6,"31":6,"32":6,"33":13,"34":10,"35":10,"36":6,"37":3,"38":3,"39":3,"40":15,"41":3,"42":0,"43":0,"44":0,"45":0,"46":0,"47":0,"48":0,"49":0,"50":0,"51":0,"52":0,"53":3,"54":3,"55":3,"56":3,"57":3,"58":91,"59":3,"60":0},"f":{"0":31,"1":12,"2":8,"3":28,"4":3,"5":7,"6":9,"7":13,"8":10,"9":10,"10":15,"11":0,"12":0},"b":{"0":[28,387],"1":[8,4],"2":[8,3],"3":[3,25],"4":[3,6],"5":[9,7],"6":[13,12],"7":[3,3],"8":[0,3],"9":[0,0],"10":[0,0],"11":[0,0]},"meta":{"lastBranch":12,"lastFunction":13,"lastStatement":61,"seen":{"s:4:67:12:Infinity":0,"s:15:60:54:Infinity":1,"s:57:33:67:Infinity":2,"f:57:33:57:34":0,"s:58:15:58:Infinity":3,"s:60:2:64:Infinity":4,"b:61:4:63:Infinity:undefined:undefined:undefined:undefined":0,"s:61:4:63:Infinity":5,"s:62:6:62:Infinity":6,"s:66:2:66:Infinity":7,"s:70:44:103:Infinity":8,"f:70:44:70:45":1,"b:71:2:73:Infinity:undefined:undefined:undefined:undefined":1,"s:71:2:73:Infinity":9,"s:72:4:72:Infinity":10,"s:76:57:84:Infinity":11,"s:86:2:89:Infinity":12,"f:86:28:86:40":2,"s:87:18:87:Infinity":13,"b:87:18:87:42:87:42:87:Infinity":2,"s:88:4:88:Infinity":14,"s:92:17:92:Infinity":15,"s:93:34:93:Infinity":16,"s:95:2:100:Infinity":17,"f:95:44:95:45":3,"b:96:4:99:Infinity:undefined:undefined:undefined:undefined":3,"s:96:4:99:Infinity":18,"s:97:6:97:Infinity":19,"s:98:6:98:Infinity":20,"s:102:2:102:Infinity":21,"s:106:40:108:Infinity":22,"f:106:40:106:41":4,"s:107:2:107:Infinity":23,"f:107:25:107:36":5,"s:107:36:107:89":24,"s:111:41:165:Infinity":25,"f:111:41:111:42":6,"s:112:2:164:Infinity":26,"b:113:4:113:Infinity:undefined:undefined:undefined:undefined":4,"s:113:4:113:Infinity":27,"b:113:8:113:27:113:27:113:56":5,"s:113:56:113:Infinity":28,"s:115:18:115:Infinity":29,"s:116:25:116:Infinity":30,"s:117:4:117:Infinity":31,"s:120:31:123:Infinity":32,"f:121:14:121:25":7,"s:121:25:121:83":33,"b:121:25:121:48:121:48:121:83":6,"f:122:11:122:22":8,"s:122:22:122:48":34,"f:123:14:123:23":9,"s:123:23:123:42":35,"b:126:4:126:Infinity:undefined:undefined:undefined:undefined":7,"s:126:4:126:Infinity":36,"s:126:41:126:Infinity":37,"s:129:37:129:Infinity":38,"s:130:28:130:Infinity":39,"f:130:45:130:54":10,"s:130:54:130:89":40,"b:133:4:151:Infinity:undefined:undefined:undefined:undefined":8,"s:133:4:151:Infinity":41,"s:134:50:134:Infinity":42,"s:135:6:137:Infinity":43,"f:135:33:135:42":11,"s:136:8:136:Infinity":44,"b:136:30:136:52:136:52:136:57":9,"s:139:21:139:Infinity":45,"s:140:42:140:Infinity":46,"s:142:6:148:Infinity":47,"f:142:24:142:33":12,"s:143:22:143:Infinity":48,"b:143:22:143:44:143:44:143:Infinity":10,"b:144:8:147:Infinity:undefined:undefined:undefined:undefined":11,"s:144:8:147:Infinity":49,"s:145:10:145:Infinity":50,"s:146:10:146:Infinity":51,"s:150:6:150:Infinity":52,"s:154:20:154:Infinity":53,"s:155:23:155:Infinity":54,"s:156:15:156:Infinity":55,"s:157:4:159:Infinity":56,"s:157:21:157:24":57,"s:158:6:158:Infinity":58,"s:161:4:161:Infinity":59,"s:163:4:163:Infinity":60}}}
,"/Users/xlz/Documents/Code/herculito/src/features/dashboard/lib/workoutProgress.ts": {"path":"/Users/xlz/Documents/Code/herculito/src/features/dashboard/lib/workoutProgress.ts","statementMap":{"0":{"start":{"line":23,"column":19},"end":{"line":23,"column":null}},"1":{"start":{"line":25,"column":20},"end":{"line":27,"column":null}},"2":{"start":{"line":26,"column":2},"end":{"line":26,"column":null}},"3":{"start":{"line":29,"column":19},"end":{"line":31,"column":null}},"4":{"start":{"line":30,"column":2},"end":{"line":30,"column":null}},"5":{"start":{"line":33,"column":27},"end":{"line":35,"column":null}},"6":{"start":{"line":34,"column":2},"end":{"line":34,"column":null}},"7":{"start":{"line":37,"column":33},"end":{"line":40,"column":null}},"8":{"start":{"line":38,"column":17},"end":{"line":38,"column":null}},"9":{"start":{"line":39,"column":2},"end":{"line":39,"column":null}},"10":{"start":{"line":42,"column":29},"end":{"line":51,"column":null}},"11":{"start":{"line":43,"column":17},"end":{"line":43,"column":null}},"12":{"start":{"line":44,"column":2},"end":{"line":46,"column":null}},"13":{"start":{"line":45,"column":4},"end":{"line":45,"column":null}},"14":{"start":{"line":48,"column":21},"end":{"line":48,"column":null}},"15":{"start":{"line":49,"column":2},"end":{"line":49,"column":null}},"16":{"start":{"line":49,"column":31},"end":{"line":49,"column":null}},"17":{"start":{"line":50,"column":2},"end":{"line":50,"column":null}},"18":{"start":{"line":53,"column":24},"end":{"line":66,"column":null}},"19":{"start":{"line":57,"column":2},"end":{"line":57,"column":null}},"20":{"start":{"line":57,"column":18},"end":{"line":57,"column":null}},"21":{"start":{"line":59,"column":2},"end":{"line":62,"column":null}},"22":{"start":{"line":60,"column":18},"end":{"line":60,"column":null}},"23":{"start":{"line":61,"column":4},"end":{"line":61,"column":null}},"24":{"start":{"line":64,"column":16},"end":{"line":64,"column":null}},"25":{"start":{"line":65,"column":2},"end":{"line":65,"column":null}},"26":{"start":{"line":68,"column":37},"end":{"line":182,"column":null}},"27":{"start":{"line":73,"column":24},"end":{"line":73,"column":null}},"28":{"start":{"line":74,"column":2},"end":{"line":80,"column":null}},"29":{"start":{"line":75,"column":4},"end":{"line":79,"column":null}},"30":{"start":{"line":76,"column":6},"end":{"line":78,"column":null}},"31":{"start":{"line":77,"column":8},"end":{"line":77,"column":null}},"32":{"start":{"line":82,"column":2},"end":{"line":93,"column":null}},"33":{"start":{"line":83,"column":4},"end":{"line":92,"column":null}},"34":{"start":{"line":84,"column":6},"end":{"line":86,"column":null}},"35":{"start":{"line":85,"column":8},"end":{"line":85,"column":null}},"36":{"start":{"line":88,"column":27},"end":{"line":88,"column":null}},"37":{"start":{"line":89,"column":6},"end":{"line":91,"column":null}},"38":{"start":{"line":90,"column":8},"end":{"line":90,"column":null}},"39":{"start":{"line":95,"column":29},"end":{"line":95,"column":null}},"40":{"start":{"line":97,"column":2},"end":{"line":127,"column":null}},"41":{"start":{"line":98,"column":4},"end":{"line":98,"column":null}},"42":{"start":{"line":98,"column":30},"end":{"line":98,"column":null}},"43":{"start":{"line":99,"column":22},"end":{"line":99,"column":null}},"44":{"start":{"line":100,"column":4},"end":{"line":100,"column":null}},"45":{"start":{"line":100,"column":37},"end":{"line":100,"column":null}},"46":{"start":{"line":102,"column":4},"end":{"line":126,"column":null}},"47":{"start":{"line":103,"column":12},"end":{"line":105,"column":null}},"48":{"start":{"line":104,"column":8},"end":{"line":104,"column":null}},"49":{"start":{"line":107,"column":6},"end":{"line":109,"column":null}},"50":{"start":{"line":108,"column":8},"end":{"line":108,"column":null}},"51":{"start":{"line":111,"column":25},"end":{"line":113,"column":null}},"52":{"start":{"line":112,"column":49},"end":{"line":112,"column":82}},"53":{"start":{"line":114,"column":26},"end":{"line":116,"column":null}},"54":{"start":{"line":115,"column":49},"end":{"line":115,"column":73}},"55":{"start":{"line":118,"column":21},"end":{"line":118,"column":null}},"56":{"start":{"line":119,"column":6},"end":{"line":124,"column":null}},"57":{"start":{"line":125,"column":6},"end":{"line":125,"column":null}},"58":{"start":{"line":129,"column":47},"end":{"line":129,"column":null}},"59":{"start":{"line":130,"column":2},"end":{"line":175,"column":null}},"60":{"start":{"line":131,"column":33},"end":{"line":131,"column":null}},"61":{"start":{"line":132,"column":4},"end":{"line":134,"column":null}},"62":{"start":{"line":133,"column":6},"end":{"line":133,"column":null}},"63":{"start":{"line":136,"column":19},"end":{"line":136,"column":null}},"64":{"start":{"line":136,"column":49},"end":{"line":136,"column":74}},"65":{"start":{"line":137,"column":4},"end":{"line":137,"column":null}},"66":{"start":{"line":137,"column":29},"end":{"line":137,"column":null}},"67":{"start":{"line":139,"column":22},"end":{"line":139,"column":null}},"68":{"start":{"line":140,"column":26},"end":{"line":140,"column":null}},"69":{"start":{"line":141,"column":24},"end":{"line":141,"column":null}},"70":{"start":{"line":142,"column":27},"end":{"line":144,"column":null}},"71":{"start":{"line":143,"column":42},"end":{"line":143,"column":81}},"72":{"start":{"line":145,"column":27},"end":{"line":149,"column":null}},"73":{"start":{"line":147,"column":27},"end":{"line":147,"column":57}},"74":{"start":{"line":148,"column":38},"end":{"line":148,"column":69}},"75":{"start":{"line":150,"column":27},"end":{"line":150,"column":null}},"76":{"start":{"line":152,"column":50},"end":{"line":152,"column":null}},"77":{"start":{"line":153,"column":4},"end":{"line":161,"column":null}},"78":{"start":{"line":154,"column":6},"end":{"line":160,"column":null}},"79":{"start":{"line":155,"column":8},"end":{"line":155,"column":null}},"80":{"start":{"line":156,"column":6},"end":{"line":160,"column":null}},"81":{"start":{"line":157,"column":8},"end":{"line":157,"column":null}},"82":{"start":{"line":159,"column":8},"end":{"line":159,"column":null}},"83":{"start":{"line":163,"column":4},"end":{"line":174,"column":null}},"84":{"start":{"line":177,"column":2},"end":{"line":181,"column":null}},"85":{"start":{"line":178,"column":21},"end":{"line":178,"column":null}},"86":{"start":{"line":179,"column":4},"end":{"line":179,"column":null}},"87":{"start":{"line":179,"column":24},"end":{"line":179,"column":null}},"88":{"start":{"line":180,"column":4},"end":{"line":180,"column":null}}},"fnMap":{"0":{"name":"(anonymous_0)","decl":{"start":{"line":25,"column":20},"end":{"line":25,"column":21}},"loc":{"start":{"line":25,"column":47},"end":{"line":27,"column":null}},"line":25},"1":{"name":"(anonymous_1)","decl":{"start":{"line":29,"column":19},"end":{"line":29,"column":20}},"loc":{"start":{"line":29,"column":47},"end":{"line":31,"column":null}},"line":29},"2":{"name":"(anonymous_2)","decl":{"start":{"line":33,"column":27},"end":{"line":33,"column":28}},"loc":{"start":{"line":33,"column":55},"end":{"line":35,"column":null}},"line":33},"3":{"name":"(anonymous_3)","decl":{"start":{"line":37,"column":33},"end":{"line":37,"column":34}},"loc":{"start":{"line":37,"column":66},"end":{"line":40,"column":null}},"line":37},"4":{"name":"(anonymous_4)","decl":{"start":{"line":42,"column":29},"end":{"line":42,"column":30}},"loc":{"start":{"line":42,"column":61},"end":{"line":51,"column":null}},"line":42},"5":{"name":"(anonymous_5)","decl":{"start":{"line":53,"column":24},"end":{"line":53,"column":null}},"loc":{"start":{"line":56,"column":25},"end":{"line":66,"column":null}},"line":56},"6":{"name":"(anonymous_6)","decl":{"start":{"line":68,"column":37},"end":{"line":68,"column":null}},"loc":{"start":{"line":72,"column":32},"end":{"line":182,"column":null}},"line":72},"7":{"name":"(anonymous_7)","decl":{"start":{"line":74,"column":19},"end":{"line":74,"column":20}},"loc":{"start":{"line":74,"column":32},"end":{"line":80,"column":3}},"line":74},"8":{"name":"(anonymous_8)","decl":{"start":{"line":75,"column":30},"end":{"line":75,"column":31}},"loc":{"start":{"line":75,"column":44},"end":{"line":79,"column":5}},"line":75},"9":{"name":"(anonymous_9)","decl":{"start":{"line":82,"column":19},"end":{"line":82,"column":20}},"loc":{"start":{"line":82,"column":32},"end":{"line":93,"column":3}},"line":82},"10":{"name":"(anonymous_10)","decl":{"start":{"line":83,"column":38},"end":{"line":83,"column":39}},"loc":{"start":{"line":83,"column":47},"end":{"line":92,"column":5}},"line":83},"11":{"name":"(anonymous_11)","decl":{"start":{"line":97,"column":19},"end":{"line":97,"column":20}},"loc":{"start":{"line":97,"column":32},"end":{"line":127,"column":3}},"line":97},"12":{"name":"(anonymous_12)","decl":{"start":{"line":102,"column":38},"end":{"line":102,"column":39}},"loc":{"start":{"line":102,"column":47},"end":{"line":126,"column":5}},"line":102},"13":{"name":"(anonymous_13)","decl":{"start":{"line":103,"column":52},"end":{"line":103,"column":53}},"loc":{"start":{"line":103,"column":61},"end":{"line":105,"column":7}},"line":103},"14":{"name":"(anonymous_14)","decl":{"start":{"line":112,"column":29},"end":{"line":112,"column":30}},"loc":{"start":{"line":112,"column":49},"end":{"line":112,"column":82}},"line":112},"15":{"name":"(anonymous_15)","decl":{"start":{"line":115,"column":29},"end":{"line":115,"column":30}},"loc":{"start":{"line":115,"column":49},"end":{"line":115,"column":73}},"line":115},"16":{"name":"(anonymous_16)","decl":{"start":{"line":130,"column":29},"end":{"line":130,"column":30}},"loc":{"start":{"line":130,"column":56},"end":{"line":175,"column":3}},"line":130},"17":{"name":"(anonymous_17)","decl":{"start":{"line":136,"column":39},"end":{"line":136,"column":40}},"loc":{"start":{"line":136,"column":49},"end":{"line":136,"column":74}},"line":136},"18":{"name":"(anonymous_18)","decl":{"start":{"line":143,"column":20},"end":{"line":143,"column":21}},"loc":{"start":{"line":143,"column":42},"end":{"line":143,"column":81}},"line":143},"19":{"name":"(anonymous_19)","decl":{"start":{"line":147,"column":16},"end":{"line":147,"column":17}},"loc":{"start":{"line":147,"column":27},"end":{"line":147,"column":57}},"line":147},"20":{"name":"(anonymous_20)","decl":{"start":{"line":148,"column":16},"end":{"line":148,"column":17}},"loc":{"start":{"line":148,"column":38},"end":{"line":148,"column":69}},"line":148},"21":{"name":"(anonymous_21)","decl":{"start":{"line":177,"column":24},"end":{"line":177,"column":25}},"loc":{"start":{"line":177,"column":34},"end":{"line":181,"column":3}},"line":177}},"branchMap":{"0":{"loc":{"start":{"line":39,"column":9},"end":{"line":39,"column":null}},"type":"binary-expr","locations":[{"start":{"line":39,"column":9},"end":{"line":39,"column":31}},{"start":{"line":39,"column":31},"end":{"line":39,"column":null}}],"line":39},"1":{"loc":{"start":{"line":44,"column":2},"end":{"line":46,"column":null}},"type":"if","locations":[{"start":{"line":44,"column":2},"end":{"line":46,"column":null}},{"start":{},"end":{}}],"line":44},"2":{"loc":{"start":{"line":44,"column":6},"end":{"line":44,"column":56}},"type":"binary-expr","locations":[{"start":{"line":44,"column":6},"end":{"line":44,"column":28}},{"start":{"line":44,"column":28},"end":{"line":44,"column":56}}],"line":44},"3":{"loc":{"start":{"line":49,"column":2},"end":{"line":49,"column":null}},"type":"if","locations":[{"start":{"line":49,"column":2},"end":{"line":49,"column":null}},{"start":{},"end":{}}],"line":49},"4":{"loc":{"start":{"line":57,"column":2},"end":{"line":57,"column":null}},"type":"if","locations":[{"start":{"line":57,"column":2},"end":{"line":57,"column":null}},{"start":{},"end":{}}],"line":57},"5":{"loc":{"start":{"line":59,"column":2},"end":{"line":62,"column":null}},"type":"if","locations":[{"start":{"line":59,"column":2},"end":{"line":62,"column":null}},{"start":{},"end":{}}],"line":59},"6":{"loc":{"start":{"line":61,"column":11},"end":{"line":61,"column":null}},"type":"cond-expr","locations":[{"start":{"line":61,"column":39},"end":{"line":61,"column":47}},{"start":{"line":61,"column":47},"end":{"line":61,"column":null}}],"line":61},"7":{"loc":{"start":{"line":65,"column":9},"end":{"line":65,"column":null}},"type":"cond-expr","locations":[{"start":{"line":65,"column":37},"end":{"line":65,"column":45}},{"start":{"line":65,"column":45},"end":{"line":65,"column":null}}],"line":65},"8":{"loc":{"start":{"line":76,"column":6},"end":{"line":78,"column":null}},"type":"if","locations":[{"start":{"line":76,"column":6},"end":{"line":78,"column":null}},{"start":{},"end":{}}],"line":76},"9":{"loc":{"start":{"line":76,"column":10},"end":{"line":76,"column":40}},"type":"binary-expr","locations":[{"start":{"line":76,"column":10},"end":{"line":76,"column":25}},{"start":{"line":76,"column":25},"end":{"line":76,"column":40}}],"line":76},"10":{"loc":{"start":{"line":83,"column":5},"end":{"line":83,"column":30}},"type":"binary-expr","locations":[{"start":{"line":83,"column":5},"end":{"line":83,"column":26}},{"start":{"line":83,"column":26},"end":{"line":83,"column":30}}],"line":83},"11":{"loc":{"start":{"line":84,"column":6},"end":{"line":86,"column":null}},"type":"if","locations":[{"start":{"line":84,"column":6},"end":{"line":86,"column":null}},{"start":{},"end":{}}],"line":84},"12":{"loc":{"start":{"line":89,"column":6},"end":{"line":91,"column":null}},"type":"if","locations":[{"start":{"line":89,"column":6},"end":{"line":91,"column":null}},{"start":{},"end":{}}],"line":89},"13":{"loc":{"start":{"line":89,"column":10},"end":{"line":89,"column":58}},"type":"binary-expr","locations":[{"start":{"line":89,"column":10},"end":{"line":89,"column":26}},{"start":{"line":89,"column":26},"end":{"line":89,"column":58}}],"line":89},"14":{"loc":{"start":{"line":98,"column":4},"end":{"line":98,"column":null}},"type":"if","locations":[{"start":{"line":98,"column":4},"end":{"line":98,"column":null}},{"start":{},"end":{}}],"line":98},"15":{"loc":{"start":{"line":100,"column":4},"end":{"line":100,"column":null}},"type":"if","locations":[{"start":{"line":100,"column":4},"end":{"line":100,"column":null}},{"start":{},"end":{}}],"line":100},"16":{"loc":{"start":{"line":102,"column":5},"end":{"line":102,"column":30}},"type":"binary-expr","locations":[{"start":{"line":102,"column":5},"end":{"line":102,"column":26}},{"start":{"line":102,"column":26},"end":{"line":102,"column":30}}],"line":102},"17":{"loc":{"start":{"line":103,"column":29},"end":{"line":103,"column":45}},"type":"binary-expr","locations":[{"start":{"line":103,"column":29},"end":{"line":103,"column":41}},{"start":{"line":103,"column":41},"end":{"line":103,"column":45}}],"line":103},"18":{"loc":{"start":{"line":104,"column":15},"end":{"line":104,"column":null}},"type":"binary-expr","locations":[{"start":{"line":104,"column":15},"end":{"line":104,"column":41}},{"start":{"line":104,"column":41},"end":{"line":104,"column":72}},{"start":{"line":104,"column":72},"end":{"line":104,"column":null}}],"line":104},"19":{"loc":{"start":{"line":107,"column":6},"end":{"line":109,"column":null}},"type":"if","locations":[{"start":{"line":107,"column":6},"end":{"line":109,"column":null}},{"start":{},"end":{}}],"line":107},"20":{"loc":{"start":{"line":118,"column":21},"end":{"line":118,"column":null}},"type":"binary-expr","locations":[{"start":{"line":118,"column":21},"end":{"line":118,"column":63}},{"start":{"line":118,"column":63},"end":{"line":118,"column":null}}],"line":118},"21":{"loc":{"start":{"line":132,"column":4},"end":{"line":134,"column":null}},"type":"if","locations":[{"start":{"line":132,"column":4},"end":{"line":134,"column":null}},{"start":{},"end":{}}],"line":132},"22":{"loc":{"start":{"line":132,"column":8},"end":{"line":132,"column":71}},"type":"binary-expr","locations":[{"start":{"line":132,"column":8},"end":{"line":132,"column":33}},{"start":{"line":132,"column":33},"end":{"line":132,"column":71}}],"line":132},"23":{"loc":{"start":{"line":137,"column":4},"end":{"line":137,"column":null}},"type":"if","locations":[{"start":{"line":137,"column":4},"end":{"line":137,"column":null}},{"start":{},"end":{}}],"line":137},"24":{"loc":{"start":{"line":140,"column":26},"end":{"line":140,"column":null}},"type":"cond-expr","locations":[{"start":{"line":140,"column":46},"end":{"line":140,"column":74}},{"start":{"line":140,"column":74},"end":{"line":140,"column":null}}],"line":140},"25":{"loc":{"start":{"line":150,"column":27},"end":{"line":150,"column":null}},"type":"cond-expr","locations":[{"start":{"line":150,"column":43},"end":{"line":150,"column":70}},{"start":{"line":150,"column":70},"end":{"line":150,"column":null}}],"line":150},"26":{"loc":{"start":{"line":153,"column":4},"end":{"line":161,"column":null}},"type":"if","locations":[{"start":{"line":153,"column":4},"end":{"line":161,"column":null}},{"start":{},"end":{}}],"line":153},"27":{"loc":{"start":{"line":154,"column":6},"end":{"line":160,"column":null}},"type":"if","locations":[{"start":{"line":154,"column":6},"end":{"line":160,"column":null}},{"start":{"line":156,"column":6},"end":{"line":160,"column":null}}],"line":154},"28":{"loc":{"start":{"line":156,"column":6},"end":{"line":160,"column":null}},"type":"if","locations":[{"start":{"line":156,"column":6},"end":{"line":160,"column":null}},{"start":{"line":158,"column":13},"end":{"line":160,"column":null}}],"line":156},"29":{"loc":{"start":{"line":165,"column":20},"end":{"line":165,"column":null}},"type":"binary-expr","locations":[{"start":{"line":165,"column":20},"end":{"line":165,"column":44}},{"start":{"line":165,"column":44},"end":{"line":165,"column":null}}],"line":165},"30":{"loc":{"start":{"line":179,"column":4},"end":{"line":179,"column":null}},"type":"if","locations":[{"start":{"line":179,"column":4},"end":{"line":179,"column":null}},{"start":{},"end":{}}],"line":179}},"s":{"0":1,"1":1,"2":58,"3":1,"4":7,"5":1,"6":6,"7":1,"8":4,"9":4,"10":1,"11":3,"12":3,"13":0,"14":3,"15":3,"16":0,"17":3,"18":1,"19":6,"20":4,"21":2,"22":1,"23":1,"24":1,"25":1,"26":1,"27":16,"28":16,"29":13,"30":13,"31":13,"32":16,"33":21,"34":20,"35":14,"36":6,"37":6,"38":2,"39":16,"40":16,"41":21,"42":1,"43":20,"44":20,"45":1,"46":19,"47":18,"48":26,"49":18,"50":1,"51":17,"52":21,"53":17,"54":21,"55":17,"56":18,"57":18,"58":16,"59":16,"60":13,"61":13,"62":1,"63":12,"64":4,"65":12,"66":0,"67":12,"68":12,"69":13,"70":13,"71":16,"72":13,"73":16,"74":3,"75":13,"76":13,"77":13,"78":4,"79":2,"80":2,"81":1,"82":1,"83":12,"84":16,"85":1,"86":1,"87":1,"88":0},"f":{"0":58,"1":7,"2":6,"3":4,"4":3,"5":6,"6":16,"7":13,"8":13,"9":21,"10":20,"11":21,"12":18,"13":26,"14":21,"15":21,"16":13,"17":4,"18":16,"19":16,"20":3,"21":1},"b":{"0":[4,3],"1":[0,3],"2":[3,3],"3":[0,3],"4":[4,2],"5":[1,1],"6":[1,0],"7":[1,0],"8":[13,0],"9":[13,13],"10":[21,1],"11":[14,6],"12":[2,4],"13":[6,2],"14":[1,20],"15":[1,19],"16":[19,1],"17":[18,0],"18":[26,25,23],"19":[1,17],"20":[17,13],"21":[1,12],"22":[13,4],"23":[0,12],"24":[4,8],"25":[4,8],"26":[4,9],"27":[2,2],"28":[1,1],"29":[12,3],"30":[1,0]},"meta":{"lastBranch":31,"lastFunction":22,"lastStatement":89,"seen":{"s:23:19:23:Infinity":0,"s:25:20:27:Infinity":1,"f:25:20:25:21":0,"s:26:2:26:Infinity":2,"s:29:19:31:Infinity":3,"f:29:19:29:20":1,"s:30:2:30:Infinity":4,"s:33:27:35:Infinity":5,"f:33:27:33:28":2,"s:34:2:34:Infinity":6,"s:37:33:40:Infinity":7,"f:37:33:37:34":3,"s:38:17:38:Infinity":8,"s:39:2:39:Infinity":9,"b:39:9:39:31:39:31:39:Infinity":0,"s:42:29:51:Infinity":10,"f:42:29:42:30":4,"s:43:17:43:Infinity":11,"b:44:2:46:Infinity:undefined:undefined:undefined:undefined":1,"s:44:2:46:Infinity":12,"b:44:6:44:28:44:28:44:56":2,"s:45:4:45:Infinity":13,"s:48:21:48:Infinity":14,"b:49:2:49:Infinity:undefined:undefined:undefined:undefined":3,"s:49:2:49:Infinity":15,"s:49:31:49:Infinity":16,"s:50:2:50:Infinity":17,"s:53:24:66:Infinity":18,"f:53:24:53:Infinity":5,"b:57:2:57:Infinity:undefined:undefined:undefined:undefined":4,"s:57:2:57:Infinity":19,"s:57:18:57:Infinity":20,"b:59:2:62:Infinity:undefined:undefined:undefined:undefined":5,"s:59:2:62:Infinity":21,"s:60:18:60:Infinity":22,"s:61:4:61:Infinity":23,"b:61:39:61:47:61:47:61:Infinity":6,"s:64:16:64:Infinity":24,"s:65:2:65:Infinity":25,"b:65:37:65:45:65:45:65:Infinity":7,"s:68:37:182:Infinity":26,"f:68:37:68:Infinity":6,"s:73:24:73:Infinity":27,"s:74:2:80:Infinity":28,"f:74:19:74:20":7,"s:75:4:79:Infinity":29,"f:75:30:75:31":8,"b:76:6:78:Infinity:undefined:undefined:undefined:undefined":8,"s:76:6:78:Infinity":30,"b:76:10:76:25:76:25:76:40":9,"s:77:8:77:Infinity":31,"s:82:2:93:Infinity":32,"f:82:19:82:20":9,"s:83:4:92:Infinity":33,"b:83:5:83:26:83:26:83:30":10,"f:83:38:83:39":10,"b:84:6:86:Infinity:undefined:undefined:undefined:undefined":11,"s:84:6:86:Infinity":34,"s:85:8:85:Infinity":35,"s:88:27:88:Infinity":36,"b:89:6:91:Infinity:undefined:undefined:undefined:undefined":12,"s:89:6:91:Infinity":37,"b:89:10:89:26:89:26:89:58":13,"s:90:8:90:Infinity":38,"s:95:29:95:Infinity":39,"s:97:2:127:Infinity":40,"f:97:19:97:20":11,"b:98:4:98:Infinity:undefined:undefined:undefined:undefined":14,"s:98:4:98:Infinity":41,"s:98:30:98:Infinity":42,"s:99:22:99:Infinity":43,"b:100:4:100:Infinity:undefined:undefined:undefined:undefined":15,"s:100:4:100:Infinity":44,"s:100:37:100:Infinity":45,"s:102:4:126:Infinity":46,"b:102:5:102:26:102:26:102:30":16,"f:102:38:102:39":12,"s:103:12:105:Infinity":47,"b:103:29:103:41:103:41:103:45":17,"f:103:52:103:53":13,"s:104:8:104:Infinity":48,"b:104:15:104:41:104:41:104:72:104:72:104:Infinity":18,"b:107:6:109:Infinity:undefined:undefined:undefined:undefined":19,"s:107:6:109:Infinity":49,"s:108:8:108:Infinity":50,"s:111:25:113:Infinity":51,"f:112:29:112:30":14,"s:112:49:112:82":52,"s:114:26:116:Infinity":53,"f:115:29:115:30":15,"s:115:49:115:73":54,"s:118:21:118:Infinity":55,"b:118:21:118:63:118:63:118:Infinity":20,"s:119:6:124:Infinity":56,"s:125:6:125:Infinity":57,"s:129:47:129:Infinity":58,"s:130:2:175:Infinity":59,"f:130:29:130:30":16,"s:131:33:131:Infinity":60,"b:132:4:134:Infinity:undefined:undefined:undefined:undefined":21,"s:132:4:134:Infinity":61,"b:132:8:132:33:132:33:132:71":22,"s:133:6:133:Infinity":62,"s:136:19:136:Infinity":63,"f:136:39:136:40":17,"s:136:49:136:74":64,"b:137:4:137:Infinity:undefined:undefined:undefined:undefined":23,"s:137:4:137:Infinity":65,"s:137:29:137:Infinity":66,"s:139:22:139:Infinity":67,"s:140:26:140:Infinity":68,"b:140:46:140:74:140:74:140:Infinity":24,"s:141:24:141:Infinity":69,"s:142:27:144:Infinity":70,"f:143:20:143:21":18,"s:143:42:143:81":71,"s:145:27:149:Infinity":72,"f:147:16:147:17":19,"s:147:27:147:57":73,"f:148:16:148:17":20,"s:148:38:148:69":74,"s:150:27:150:Infinity":75,"b:150:43:150:70:150:70:150:Infinity":25,"s:152:50:152:Infinity":76,"b:153:4:161:Infinity:undefined:undefined:undefined:undefined":26,"s:153:4:161:Infinity":77,"b:154:6:160:Infinity:156:6:160:Infinity":27,"s:154:6:160:Infinity":78,"s:155:8:155:Infinity":79,"b:156:6:160:Infinity:158:13:160:Infinity":28,"s:156:6:160:Infinity":80,"s:157:8:157:Infinity":81,"s:159:8:159:Infinity":82,"s:163:4:174:Infinity":83,"b:165:20:165:44:165:44:165:Infinity":29,"s:177:2:181:Infinity":84,"f:177:24:177:25":21,"s:178:21:178:Infinity":85,"b:179:4:179:Infinity:undefined:undefined:undefined:undefined":30,"s:179:4:179:Infinity":86,"s:179:24:179:Infinity":87,"s:180:4:180:Infinity":88}}}
,"/Users/xlz/Documents/Code/herculito/src/features/workouts/lib/workoutSessions.ts": {"path":"/Users/xlz/Documents/Code/herculito/src/features/workouts/lib/workoutSessions.ts","statementMap":{"0":{"start":{"line":3,"column":52},"end":{"line":34,"column":null}},"1":{"start":{"line":7,"column":28},"end":{"line":9,"column":null}},"2":{"start":{"line":8,"column":19},"end":{"line":8,"column":102}},"3":{"start":{"line":9,"column":14},"end":{"line":9,"column":113}},"4":{"start":{"line":11,"column":2},"end":{"line":13,"column":null}},"5":{"start":{"line":12,"column":4},"end":{"line":12,"column":null}},"6":{"start":{"line":15,"column":48},"end":{"line":15,"column":null}},"7":{"start":{"line":17,"column":2},"end":{"line":31,"column":null}},"8":{"start":{"line":18,"column":5},"end":{"line":30,"column":null}},"9":{"start":{"line":19,"column":6},"end":{"line":21,"column":null}},"10":{"start":{"line":20,"column":8},"end":{"line":20,"column":null}},"11":{"start":{"line":23,"column":22},"end":{"line":25,"column":null}},"12":{"start":{"line":24,"column":25},"end":{"line":24,"column":56}},"13":{"start":{"line":25,"column":22},"end":{"line":25,"column":32}},"14":{"start":{"line":27,"column":6},"end":{"line":29,"column":null}},"15":{"start":{"line":28,"column":8},"end":{"line":28,"column":null}},"16":{"start":{"line":33,"column":2},"end":{"line":33,"column":null}}},"fnMap":{"0":{"name":"(anonymous_0)","decl":{"start":{"line":3,"column":52},"end":{"line":3,"column":null}},"loc":{"start":{"line":6,"column":31},"end":{"line":34,"column":null}},"line":6},"1":{"name":"(anonymous_1)","decl":{"start":{"line":8,"column":12},"end":{"line":8,"column":13}},"loc":{"start":{"line":8,"column":19},"end":{"line":8,"column":102}},"line":8},"2":{"name":"(anonymous_2)","decl":{"start":{"line":9,"column":10},"end":{"line":9,"column":11}},"loc":{"start":{"line":9,"column":14},"end":{"line":9,"column":113}},"line":9},"3":{"name":"(anonymous_3)","decl":{"start":{"line":17,"column":28},"end":{"line":17,"column":29}},"loc":{"start":{"line":17,"column":41},"end":{"line":31,"column":3}},"line":17},"4":{"name":"(anonymous_4)","decl":{"start":{"line":18,"column":49},"end":{"line":18,"column":50}},"loc":{"start":{"line":18,"column":66},"end":{"line":30,"column":5}},"line":18},"5":{"name":"(anonymous_5)","decl":{"start":{"line":24,"column":16},"end":{"line":24,"column":17}},"loc":{"start":{"line":24,"column":25},"end":{"line":24,"column":56}},"line":24},"6":{"name":"(anonymous_6)","decl":{"start":{"line":25,"column":13},"end":{"line":25,"column":14}},"loc":{"start":{"line":25,"column":22},"end":{"line":25,"column":32}},"line":25}},"branchMap":{"0":{"loc":{"start":{"line":8,"column":19},"end":{"line":8,"column":102}},"type":"binary-expr","locations":[{"start":{"line":8,"column":19},"end":{"line":8,"column":48}},{"start":{"line":8,"column":48},"end":{"line":8,"column":65}},{"start":{"line":8,"column":65},"end":{"line":8,"column":80}},{"start":{"line":8,"column":80},"end":{"line":8,"column":102}}],"line":8},"1":{"loc":{"start":{"line":9,"column":21},"end":{"line":9,"column":69}},"type":"cond-expr","locations":[{"start":{"line":9,"column":37},"end":{"line":9,"column":63}},{"start":{"line":9,"column":63},"end":{"line":9,"column":69}}],"line":9},"2":{"loc":{"start":{"line":9,"column":69},"end":{"line":9,"column":113}},"type":"cond-expr","locations":[{"start":{"line":9,"column":85},"end":{"line":9,"column":111}},{"start":{"line":9,"column":111},"end":{"line":9,"column":113}}],"line":9},"3":{"loc":{"start":{"line":11,"column":2},"end":{"line":13,"column":null}},"type":"if","locations":[{"start":{"line":11,"column":2},"end":{"line":13,"column":null}},{"start":{},"end":{}}],"line":11},"4":{"loc":{"start":{"line":19,"column":6},"end":{"line":21,"column":null}},"type":"if","locations":[{"start":{"line":19,"column":6},"end":{"line":21,"column":null}},{"start":{},"end":{}}],"line":19},"5":{"loc":{"start":{"line":19,"column":10},"end":{"line":19,"column":101}},"type":"binary-expr","locations":[{"start":{"line":19,"column":10},"end":{"line":19,"column":49}},{"start":{"line":19,"column":49},"end":{"line":19,"column":70}},{"start":{"line":19,"column":70},"end":{"line":19,"column":101}}],"line":19},"6":{"loc":{"start":{"line":24,"column":25},"end":{"line":24,"column":56}},"type":"binary-expr","locations":[{"start":{"line":24,"column":25},"end":{"line":24,"column":42}},{"start":{"line":24,"column":42},"end":{"line":24,"column":56}}],"line":24},"7":{"loc":{"start":{"line":27,"column":6},"end":{"line":29,"column":null}},"type":"if","locations":[{"start":{"line":27,"column":6},"end":{"line":29,"column":null}},{"start":{},"end":{}}],"line":27}},"s":{"0":1,"1":1,"2":3,"3":1,"4":1,"5":0,"6":1,"7":1,"8":2,"9":4,"10":1,"11":3,"12":6,"13":4,"14":3,"15":2,"16":1},"f":{"0":1,"1":3,"2":1,"3":2,"4":4,"5":6,"6":4},"b":{"0":[3,2,2,2],"1":[1,0],"2":[1,0],"3":[0,1],"4":[1,3],"5":[4,3,3],"6":[6,6],"7":[2,1]},"meta":{"lastBranch":8,"lastFunction":7,"lastStatement":17,"seen":{"s:3:52:34:Infinity":0,"f:3:52:3:Infinity":0,"s:7:28:9:Infinity":1,"f:8:12:8:13":1,"s:8:19:8:102":2,"b:8:19:8:48:8:48:8:65:8:65:8:80:8:80:8:102":0,"f:9:10:9:11":2,"s:9:14:9:113":3,"b:9:37:9:63:9:63:9:69":1,"b:9:85:9:111:9:111:9:113":2,"b:11:2:13:Infinity:undefined:undefined:undefined:undefined":3,"s:11:2:13:Infinity":4,"s:12:4:12:Infinity":5,"s:15:48:15:Infinity":6,"s:17:2:31:Infinity":7,"f:17:28:17:29":3,"s:18:5:30:Infinity":8,"f:18:49:18:50":4,"b:19:6:21:Infinity:undefined:undefined:undefined:undefined":4,"s:19:6:21:Infinity":9,"b:19:10:19:49:19:49:19:70:19:70:19:101":5,"s:20:8:20:Infinity":10,"s:23:22:25:Infinity":11,"f:24:16:24:17":5,"s:24:25:24:56":12,"b:24:25:24:42:24:42:24:56":6,"f:25:13:25:14":6,"s:25:22:25:32":13,"b:27:6:29:Infinity:undefined:undefined:undefined:undefined":7,"s:27:6:29:Infinity":14,"s:28:8:28:Infinity":15,"s:33:2:33:Infinity":16}}}
,"/Users/xlz/Documents/Code/herculito/src/shared/api/apiClient.ts": {"path":"/Users/xlz/Documents/Code/herculito/src/shared/api/apiClient.ts","statementMap":{"0":{"start":{"line":11,"column":27},"end":{"line":11,"column":null}},"1":{"start":{"line":12,"column":31},"end":{"line":12,"column":null}},"2":{"start":{"line":20,"column":4},"end":{"line":20,"column":null}},"3":{"start":{"line":21,"column":4},"end":{"line":21,"column":null}},"4":{"start":{"line":22,"column":4},"end":{"line":22,"column":null}},"5":{"start":{"line":23,"column":4},"end":{"line":23,"column":null}},"6":{"start":{"line":24,"column":4},"end":{"line":24,"column":null}},"7":{"start":{"line":28,"column":26},"end":{"line":30,"column":null}},"8":{"start":{"line":29,"column":2},"end":{"line":29,"column":null}},"9":{"start":{"line":32,"column":38},"end":{"line":32,"column":null}},"10":{"start":{"line":34,"column":30},"end":{"line":36,"column":null}},"11":{"start":{"line":35,"column":2},"end":{"line":35,"column":null}},"12":{"start":{"line":38,"column":25},"end":{"line":45,"column":null}},"13":{"start":{"line":39,"column":2},"end":{"line":39,"column":null}},"14":{"start":{"line":39,"column":37},"end":{"line":39,"column":null}},"15":{"start":{"line":41,"column":22},"end":{"line":41,"column":null}},"16":{"start":{"line":42,"column":2},"end":{"line":42,"column":null}},"17":{"start":{"line":42,"column":53},"end":{"line":42,"column":null}},"18":{"start":{"line":44,"column":2},"end":{"line":44,"column":null}},"19":{"start":{"line":47,"column":26},"end":{"line":67,"column":null}},"20":{"start":{"line":48,"column":2},"end":{"line":51,"column":null}},"21":{"start":{"line":49,"column":18},"end":{"line":49,"column":null}},"22":{"start":{"line":50,"column":4},"end":{"line":50,"column":null}},"23":{"start":{"line":50,"column":15},"end":{"line":50,"column":null}},"24":{"start":{"line":53,"column":16},"end":{"line":53,"column":null}},"25":{"start":{"line":54,"column":19},"end":{"line":54,"column":null}},"26":{"start":{"line":56,"column":2},"end":{"line":58,"column":null}},"27":{"start":{"line":57,"column":4},"end":{"line":57,"column":null}},"28":{"start":{"line":60,"column":24},"end":{"line":60,"column":null}},"29":{"start":{"line":61,"column":2},"end":{"line":61,"column":null}},"30":{"start":{"line":61,"column":21},"end":{"line":61,"column":null}},"31":{"start":{"line":63,"column":23},"end":{"line":63,"column":null}},"32":{"start":{"line":64,"column":2},"end":{"line":64,"column":null}},"33":{"start":{"line":64,"column":20},"end":{"line":64,"column":null}},"34":{"start":{"line":66,"column":2},"end":{"line":66,"column":null}},"35":{"start":{"line":69,"column":27},"end":{"line":98,"column":null}},"36":{"start":{"line":70,"column":22},"end":{"line":70,"column":null}},"37":{"start":{"line":72,"column":2},"end":{"line":86,"column":null}},"38":{"start":{"line":73,"column":4},"end":{"line":85,"column":null}},"39":{"start":{"line":74,"column":23},"end":{"line":74,"column":null}},"40":{"start":{"line":75,"column":6},"end":{"line":82,"column":null}},"41":{"start":{"line":76,"column":30},"end":{"line":76,"column":null}},"42":{"start":{"line":77,"column":21},"end":{"line":77,"column":null}},"43":{"start":{"line":78,"column":24},"end":{"line":80,"column":null}},"44":{"start":{"line":81,"column":8},"end":{"line":81,"column":null}},"45":{"start":{"line":84,"column":6},"end":{"line":84,"column":null}},"46":{"start":{"line":88,"column":2},"end":{"line":95,"column":null}},"47":{"start":{"line":89,"column":17},"end":{"line":89,"column":null}},"48":{"start":{"line":90,"column":4},"end":{"line":92,"column":null}},"49":{"start":{"line":91,"column":6},"end":{"line":91,"column":null}},"50":{"start":{"line":94,"column":4},"end":{"line":94,"column":null}},"51":{"start":{"line":97,"column":2},"end":{"line":97,"column":null}},"52":{"start":{"line":100,"column":25},"end":{"line":164,"column":null}},"53":{"start":{"line":101,"column":8},"end":{"line":101,"column":null}},"54":{"start":{"line":102,"column":18},"end":{"line":102,"column":null}},"55":{"start":{"line":104,"column":2},"end":{"line":161,"column":null}},"56":{"start":{"line":104,"column":21},"end":{"line":104,"column":24}},"57":{"start":{"line":105,"column":23},"end":{"line":105,"column":null}},"58":{"start":{"line":106,"column":22},"end":{"line":106,"column":null}},"59":{"start":{"line":106,"column":50},"end":{"line":106,"column":70}},"60":{"start":{"line":107,"column":27},"end":{"line":107,"column":null}},"61":{"start":{"line":109,"column":20},"end":{"line":111,"column":null}},"62":{"start":{"line":110,"column":6},"end":{"line":110,"column":null}},"63":{"start":{"line":113,"column":4},"end":{"line":119,"column":null}},"64":{"start":{"line":114,"column":6},"end":{"line":118,"column":null}},"65":{"start":{"line":115,"column":8},"end":{"line":115,"column":null}},"66":{"start":{"line":117,"column":8},"end":{"line":117,"column":null}},"67":{"start":{"line":121,"column":4},"end":{"line":160,"column":null}},"68":{"start":{"line":122,"column":18},"end":{"line":125,"column":null}},"69":{"start":{"line":127,"column":26},"end":{"line":127,"column":null}},"70":{"start":{"line":128,"column":6},"end":{"line":140,"column":null}},"71":{"start":{"line":129,"column":28},"end":{"line":129,"column":null}},"72":{"start":{"line":130,"column":8},"end":{"line":132,"column":null}},"73":{"start":{"line":131,"column":10},"end":{"line":131,"column":null}},"74":{"start":{"line":134,"column":28},"end":{"line":134,"column":null}},"75":{"start":{"line":135,"column":8},"end":{"line":139,"column":null}},"76":{"start":{"line":142,"column":6},"end":{"line":144,"column":null}},"77":{"start":{"line":143,"column":8},"end":{"line":143,"column":null}},"78":{"start":{"line":146,"column":6},"end":{"line":146,"column":null}},"79":{"start":{"line":148,"column":6},"end":{"line":150,"column":null}},"80":{"start":{"line":149,"column":8},"end":{"line":149,"column":null}},"81":{"start":{"line":151,"column":6},"end":{"line":153,"column":null}},"82":{"start":{"line":152,"column":8},"end":{"line":152,"column":null}},"83":{"start":{"line":154,"column":6},"end":{"line":154,"column":null}},"84":{"start":{"line":156,"column":6},"end":{"line":156,"column":null}},"85":{"start":{"line":157,"column":6},"end":{"line":159,"column":null}},"86":{"start":{"line":158,"column":8},"end":{"line":158,"column":null}},"87":{"start":{"line":163,"column":2},"end":{"line":163,"column":null}}},"fnMap":{"0":{"name":"(anonymous_0)","decl":{"start":{"line":19,"column":2},"end":{"line":19,"column":14}},"loc":{"start":{"line":19,"column":94},"end":{"line":25,"column":null}},"line":19},"1":{"name":"(anonymous_1)","decl":{"start":{"line":28,"column":26},"end":{"line":28,"column":27}},"loc":{"start":{"line":28,"column":65},"end":{"line":30,"column":null}},"line":28},"2":{"name":"(anonymous_2)","decl":{"start":{"line":34,"column":30},"end":{"line":34,"column":31}},"loc":{"start":{"line":34,"column":68},"end":{"line":36,"column":null}},"line":34},"3":{"name":"(anonymous_3)","decl":{"start":{"line":38,"column":25},"end":{"line":38,"column":49}},"loc":{"start":{"line":38,"column":49},"end":{"line":45,"column":null}},"line":38},"4":{"name":"(anonymous_4)","decl":{"start":{"line":47,"column":26},"end":{"line":47,"column":55}},"loc":{"start":{"line":47,"column":55},"end":{"line":67,"column":null}},"line":47},"5":{"name":"(anonymous_5)","decl":{"start":{"line":69,"column":27},"end":{"line":69,"column":34}},"loc":{"start":{"line":69,"column":117},"end":{"line":98,"column":null}},"line":69},"6":{"name":"(anonymous_6)","decl":{"start":{"line":100,"column":25},"end":{"line":100,"column":35}},"loc":{"start":{"line":100,"column":83},"end":{"line":164,"column":null}},"line":100},"7":{"name":"(anonymous_7)","decl":{"start":{"line":106,"column":44},"end":{"line":106,"column":50}},"loc":{"start":{"line":106,"column":50},"end":{"line":106,"column":70}},"line":106},"8":{"name":"(anonymous_8)","decl":{"start":{"line":109,"column":20},"end":{"line":109,"column":26}},"loc":{"start":{"line":109,"column":26},"end":{"line":111,"column":null}},"line":109}},"branchMap":{"0":{"loc":{"start":{"line":39,"column":2},"end":{"line":39,"column":null}},"type":"if","locations":[{"start":{"line":39,"column":2},"end":{"line":39,"column":null}},{"start":{},"end":{}}],"line":39},"1":{"loc":{"start":{"line":42,"column":2},"end":{"line":42,"column":null}},"type":"if","locations":[{"start":{"line":42,"column":2},"end":{"line":42,"column":null}},{"start":{},"end":{}}],"line":42},"2":{"loc":{"start":{"line":42,"column":6},"end":{"line":42,"column":53}},"type":"binary-expr","locations":[{"start":{"line":42,"column":6},"end":{"line":42,"column":21}},{"start":{"line":42,"column":21},"end":{"line":42,"column":53}}],"line":42},"3":{"loc":{"start":{"line":48,"column":2},"end":{"line":51,"column":null}},"type":"if","locations":[{"start":{"line":48,"column":2},"end":{"line":51,"column":null}},{"start":{},"end":{}}],"line":48},"4":{"loc":{"start":{"line":50,"column":4},"end":{"line":50,"column":null}},"type":"if","locations":[{"start":{"line":50,"column":4},"end":{"line":50,"column":null}},{"start":{},"end":{}}],"line":50},"5":{"loc":{"start":{"line":54,"column":19},"end":{"line":54,"column":null}},"type":"binary-expr","locations":[{"start":{"line":54,"column":19},"end":{"line":54,"column":62}},{"start":{"line":54,"column":62},"end":{"line":54,"column":null}}],"line":54},"6":{"loc":{"start":{"line":56,"column":2},"end":{"line":58,"column":null}},"type":"if","locations":[{"start":{"line":56,"column":2},"end":{"line":58,"column":null}},{"start":{},"end":{}}],"line":56},"7":{"loc":{"start":{"line":61,"column":2},"end":{"line":61,"column":null}},"type":"if","locations":[{"start":{"line":61,"column":2},"end":{"line":61,"column":null}},{"start":{},"end":{}}],"line":61},"8":{"loc":{"start":{"line":64,"column":2},"end":{"line":64,"column":null}},"type":"if","locations":[{"start":{"line":64,"column":2},"end":{"line":64,"column":null}},{"start":{},"end":{}}],"line":64},"9":{"loc":{"start":{"line":70,"column":22},"end":{"line":70,"column":null}},"type":"binary-expr","locations":[{"start":{"line":70,"column":22},"end":{"line":70,"column":57}},{"start":{"line":70,"column":57},"end":{"line":70,"column":null}}],"line":70},"10":{"loc":{"start":{"line":72,"column":2},"end":{"line":86,"column":null}},"type":"if","locations":[{"start":{"line":72,"column":2},"end":{"line":86,"column":null}},{"start":{},"end":{}}],"line":72},"11":{"loc":{"start":{"line":75,"column":6},"end":{"line":82,"column":null}},"type":"if","locations":[{"start":{"line":75,"column":6},"end":{"line":82,"column":null}},{"start":{},"end":{}}],"line":75},"12":{"loc":{"start":{"line":75,"column":10},"end":{"line":75,"column":50}},"type":"binary-expr","locations":[{"start":{"line":75,"column":10},"end":{"line":75,"column":21}},{"start":{"line":75,"column":21},"end":{"line":75,"column":50}}],"line":75},"13":{"loc":{"start":{"line":77,"column":21},"end":{"line":77,"column":null}},"type":"cond-expr","locations":[{"start":{"line":77,"column":63},"end":{"line":77,"column":85}},{"start":{"line":77,"column":85},"end":{"line":77,"column":null}}],"line":77},"14":{"loc":{"start":{"line":78,"column":24},"end":{"line":80,"column":null}},"type":"cond-expr","locations":[{"start":{"line":79,"column":12},"end":{"line":79,"column":null}},{"start":{"line":80,"column":12},"end":{"line":80,"column":null}}],"line":78},"15":{"loc":{"start":{"line":90,"column":4},"end":{"line":92,"column":null}},"type":"if","locations":[{"start":{"line":90,"column":4},"end":{"line":92,"column":null}},{"start":{},"end":{}}],"line":90},"16":{"loc":{"start":{"line":101,"column":18},"end":{"line":101,"column":41}},"type":"binary-expr","locations":[{"start":{"line":101,"column":18},"end":{"line":101,"column":34}},{"start":{"line":101,"column":34},"end":{"line":101,"column":41}}],"line":101},"17":{"loc":{"start":{"line":102,"column":18},"end":{"line":102,"column":null}},"type":"cond-expr","locations":[{"start":{"line":102,"column":58},"end":{"line":102,"column":62}},{"start":{"line":102,"column":62},"end":{"line":102,"column":null}}],"line":102},"18":{"loc":{"start":{"line":102,"column":18},"end":{"line":102,"column":58}},"type":"binary-expr","locations":[{"start":{"line":102,"column":18},"end":{"line":102,"column":38}},{"start":{"line":102,"column":38},"end":{"line":102,"column":58}}],"line":102},"19":{"loc":{"start":{"line":113,"column":4},"end":{"line":119,"column":null}},"type":"if","locations":[{"start":{"line":113,"column":4},"end":{"line":119,"column":null}},{"start":{},"end":{}}],"line":113},"20":{"loc":{"start":{"line":114,"column":6},"end":{"line":118,"column":null}},"type":"if","locations":[{"start":{"line":114,"column":6},"end":{"line":118,"column":null}},{"start":{"line":116,"column":13},"end":{"line":118,"column":null}}],"line":114},"21":{"loc":{"start":{"line":127,"column":26},"end":{"line":127,"column":null}},"type":"binary-expr","locations":[{"start":{"line":127,"column":26},"end":{"line":127,"column":61}},{"start":{"line":127,"column":61},"end":{"line":127,"column":null}}],"line":127},"22":{"loc":{"start":{"line":128,"column":6},"end":{"line":140,"column":null}},"type":"if","locations":[{"start":{"line":128,"column":6},"end":{"line":140,"column":null}},{"start":{},"end":{}}],"line":128},"23":{"loc":{"start":{"line":129,"column":28},"end":{"line":129,"column":null}},"type":"binary-expr","locations":[{"start":{"line":129,"column":28},"end":{"line":129,"column":70}},{"start":{"line":129,"column":70},"end":{"line":129,"column":null}}],"line":129},"24":{"loc":{"start":{"line":130,"column":8},"end":{"line":132,"column":null}},"type":"if","locations":[{"start":{"line":130,"column":8},"end":{"line":132,"column":null}},{"start":{},"end":{}}],"line":130},"25":{"loc":{"start":{"line":135,"column":27},"end":{"line":135,"column":83}},"type":"binary-expr","locations":[{"start":{"line":135,"column":27},"end":{"line":135,"column":50}},{"start":{"line":135,"column":50},"end":{"line":135,"column":83}}],"line":135},"26":{"loc":{"start":{"line":142,"column":6},"end":{"line":144,"column":null}},"type":"if","locations":[{"start":{"line":142,"column":6},"end":{"line":144,"column":null}},{"start":{},"end":{}}],"line":142},"27":{"loc":{"start":{"line":148,"column":6},"end":{"line":150,"column":null}},"type":"if","locations":[{"start":{"line":148,"column":6},"end":{"line":150,"column":null}},{"start":{},"end":{}}],"line":148},"28":{"loc":{"start":{"line":151,"column":6},"end":{"line":153,"column":null}},"type":"if","locations":[{"start":{"line":151,"column":6},"end":{"line":153,"column":null}},{"start":{},"end":{}}],"line":151},"29":{"loc":{"start":{"line":151,"column":10},"end":{"line":151,"column":65}},"type":"binary-expr","locations":[{"start":{"line":151,"column":10},"end":{"line":151,"column":36}},{"start":{"line":151,"column":36},"end":{"line":151,"column":65}}],"line":151},"30":{"loc":{"start":{"line":157,"column":6},"end":{"line":159,"column":null}},"type":"if","locations":[{"start":{"line":157,"column":6},"end":{"line":159,"column":null}},{"start":{},"end":{}}],"line":157}},"s":{"0":2,"1":2,"2":5,"3":5,"4":5,"5":5,"6":5,"7":2,"8":7,"9":2,"10":2,"11":17,"12":2,"13":1,"14":1,"15":0,"16":0,"17":0,"18":0,"19":2,"20":3,"21":3,"22":3,"23":2,"24":1,"25":1,"26":3,"27":1,"28":0,"29":0,"30":0,"31":0,"32":0,"33":0,"34":0,"35":2,"36":0,"37":0,"38":0,"39":0,"40":0,"41":0,"42":0,"43":0,"44":0,"45":0,"46":0,"47":0,"48":0,"49":0,"50":0,"51":0,"52":2,"53":0,"54":0,"55":0,"56":0,"57":0,"58":0,"59":0,"60":0,"61":0,"62":0,"63":0,"64":0,"65":0,"66":0,"67":0,"68":0,"69":0,"70":0,"71":0,"72":0,"73":0,"74":0,"75":0,"76":0,"77":0,"78":0,"79":0,"80":0,"81":0,"82":0,"83":0,"84":0,"85":0,"86":0,"87":0},"f":{"0":5,"1":7,"2":17,"3":1,"4":3,"5":0,"6":0,"7":0,"8":0},"b":{"0":[1,0],"1":[0,0],"2":[0,0],"3":[3,0],"4":[2,1],"5":[1,0],"6":[1,2],"7":[0,0],"8":[0,0],"9":[0,0],"10":[0,0],"11":[0,0],"12":[0,0],"13":[0,0],"14":[0,0],"15":[0,0],"16":[0,0],"17":[0,0],"18":[0,0],"19":[0,0],"20":[0,0],"21":[0,0],"22":[0,0],"23":[0,0],"24":[0,0],"25":[0,0],"26":[0,0],"27":[0,0],"28":[0,0],"29":[0,0],"30":[0,0]},"meta":{"lastBranch":31,"lastFunction":9,"lastStatement":88,"seen":{"s:11:27:11:Infinity":0,"s:12:31:12:Infinity":1,"f:19:2:19:14":0,"s:20:4:20:Infinity":2,"s:21:4:21:Infinity":3,"s:22:4:22:Infinity":4,"s:23:4:23:Infinity":5,"s:24:4:24:Infinity":6,"s:28:26:30:Infinity":7,"f:28:26:28:27":1,"s:29:2:29:Infinity":8,"s:32:38:32:Infinity":9,"s:34:30:36:Infinity":10,"f:34:30:34:31":2,"s:35:2:35:Infinity":11,"s:38:25:45:Infinity":12,"f:38:25:38:49":3,"b:39:2:39:Infinity:undefined:undefined:undefined:undefined":0,"s:39:2:39:Infinity":13,"s:39:37:39:Infinity":14,"s:41:22:41:Infinity":15,"b:42:2:42:Infinity:undefined:undefined:undefined:undefined":1,"s:42:2:42:Infinity":16,"b:42:6:42:21:42:21:42:53":2,"s:42:53:42:Infinity":17,"s:44:2:44:Infinity":18,"s:47:26:67:Infinity":19,"f:47:26:47:55":4,"b:48:2:51:Infinity:undefined:undefined:undefined:undefined":3,"s:48:2:51:Infinity":20,"s:49:18:49:Infinity":21,"b:50:4:50:Infinity:undefined:undefined:undefined:undefined":4,"s:50:4:50:Infinity":22,"s:50:15:50:Infinity":23,"s:53:16:53:Infinity":24,"s:54:19:54:Infinity":25,"b:54:19:54:62:54:62:54:Infinity":5,"b:56:2:58:Infinity:undefined:undefined:undefined:undefined":6,"s:56:2:58:Infinity":26,"s:57:4:57:Infinity":27,"s:60:24:60:Infinity":28,"b:61:2:61:Infinity:undefined:undefined:undefined:undefined":7,"s:61:2:61:Infinity":29,"s:61:21:61:Infinity":30,"s:63:23:63:Infinity":31,"b:64:2:64:Infinity:undefined:undefined:undefined:undefined":8,"s:64:2:64:Infinity":32,"s:64:20:64:Infinity":33,"s:66:2:66:Infinity":34,"s:69:27:98:Infinity":35,"f:69:27:69:34":5,"s:70:22:70:Infinity":36,"b:70:22:70:57:70:57:70:Infinity":9,"b:72:2:86:Infinity:undefined:undefined:undefined:undefined":10,"s:72:2:86:Infinity":37,"s:73:4:85:Infinity":38,"s:74:23:74:Infinity":39,"b:75:6:82:Infinity:undefined:undefined:undefined:undefined":11,"s:75:6:82:Infinity":40,"b:75:10:75:21:75:21:75:50":12,"s:76:30:76:Infinity":41,"s:77:21:77:Infinity":42,"b:77:63:77:85:77:85:77:Infinity":13,"s:78:24:80:Infinity":43,"b:79:12:79:Infinity:80:12:80:Infinity":14,"s:81:8:81:Infinity":44,"s:84:6:84:Infinity":45,"s:88:2:95:Infinity":46,"s:89:17:89:Infinity":47,"b:90:4:92:Infinity:undefined:undefined:undefined:undefined":15,"s:90:4:92:Infinity":48,"s:91:6:91:Infinity":49,"s:94:4:94:Infinity":50,"s:97:2:97:Infinity":51,"s:100:25:164:Infinity":52,"f:100:25:100:35":6,"s:101:8:101:Infinity":53,"b:101:18:101:34:101:34:101:41":16,"s:102:18:102:Infinity":54,"b:102:58:102:62:102:62:102:Infinity":17,"b:102:18:102:38:102:38:102:58":18,"s:104:2:161:Infinity":55,"s:104:21:104:24":56,"s:105:23:105:Infinity":57,"s:106:22:106:Infinity":58,"f:106:44:106:50":7,"s:106:50:106:70":59,"s:107:27:107:Infinity":60,"s:109:20:111:Infinity":61,"f:109:20:109:26":8,"s:110:6:110:Infinity":62,"b:113:4:119:Infinity:undefined:undefined:undefined:undefined":19,"s:113:4:119:Infinity":63,"b:114:6:118:Infinity:116:13:118:Infinity":20,"s:114:6:118:Infinity":64,"s:115:8:115:Infinity":65,"s:117:8:117:Infinity":66,"s:121:4:160:Infinity":67,"s:122:18:125:Infinity":68,"s:127:26:127:Infinity":69,"b:127:26:127:61:127:61:127:Infinity":21,"b:128:6:140:Infinity:undefined:undefined:undefined:undefined":22,"s:128:6:140:Infinity":70,"s:129:28:129:Infinity":71,"b:129:28:129:70:129:70:129:Infinity":23,"b:130:8:132:Infinity:undefined:undefined:undefined:undefined":24,"s:130:8:132:Infinity":72,"s:131:10:131:Infinity":73,"s:134:28:134:Infinity":74,"s:135:8:139:Infinity":75,"b:135:27:135:50:135:50:135:83":25,"b:142:6:144:Infinity:undefined:undefined:undefined:undefined":26,"s:142:6:144:Infinity":76,"s:143:8:143:Infinity":77,"s:146:6:146:Infinity":78,"b:148:6:150:Infinity:undefined:undefined:undefined:undefined":27,"s:148:6:150:Infinity":79,"s:149:8:149:Infinity":80,"b:151:6:153:Infinity:undefined:undefined:undefined:undefined":28,"s:151:6:153:Infinity":81,"b:151:10:151:36:151:36:151:65":29,"s:152:8:152:Infinity":82,"s:154:6:154:Infinity":83,"s:156:6:156:Infinity":84,"b:157:6:159:Infinity:undefined:undefined:undefined:undefined":30,"s:157:6:159:Infinity":85,"s:158:8:158:Infinity":86,"s:163:2:163:Infinity":87}}}
,"/Users/xlz/Documents/Code/herculito/src/shared/api/dataApi.ts": {"path":"/Users/xlz/Documents/Code/herculito/src/shared/api/dataApi.ts","statementMap":{"0":{"start":{"line":72,"column":31},"end":{"line":87,"column":null}},"1":{"start":{"line":77,"column":8},"end":{"line":77,"column":null}},"2":{"start":{"line":78,"column":16},"end":{"line":78,"column":null}},"3":{"start":{"line":79,"column":2},"end":{"line":86,"column":null}},"4":{"start":{"line":89,"column":30},"end":{"line":96,"column":null}},"5":{"start":{"line":90,"column":8},"end":{"line":90,"column":null}},"6":{"start":{"line":91,"column":16},"end":{"line":91,"column":null}},"7":{"start":{"line":92,"column":15},"end":{"line":94,"column":null}},"8":{"start":{"line":95,"column":2},"end":{"line":95,"column":null}},"9":{"start":{"line":98,"column":38},"end":{"line":121,"column":null}},"10":{"start":{"line":110,"column":8},"end":{"line":110,"column":null}},"11":{"start":{"line":111,"column":16},"end":{"line":111,"column":null}},"12":{"start":{"line":112,"column":15},"end":{"line":119,"column":null}},"13":{"start":{"line":120,"column":2},"end":{"line":120,"column":null}},"14":{"start":{"line":123,"column":38},"end":{"line":144,"column":null}},"15":{"start":{"line":134,"column":8},"end":{"line":134,"column":null}},"16":{"start":{"line":135,"column":16},"end":{"line":135,"column":null}},"17":{"start":{"line":136,"column":2},"end":{"line":143,"column":null}},"18":{"start":{"line":146,"column":38},"end":{"line":157,"column":null}},"19":{"start":{"line":147,"column":8},"end":{"line":147,"column":null}},"20":{"start":{"line":148,"column":16},"end":{"line":148,"column":null}},"21":{"start":{"line":149,"column":2},"end":{"line":156,"column":null}},"22":{"start":{"line":159,"column":29},"end":{"line":170,"column":null}},"23":{"start":{"line":160,"column":8},"end":{"line":160,"column":null}},"24":{"start":{"line":161,"column":16},"end":{"line":161,"column":null}},"25":{"start":{"line":162,"column":23},"end":{"line":162,"column":null}},"26":{"start":{"line":163,"column":2},"end":{"line":163,"column":null}},"27":{"start":{"line":163,"column":30},"end":{"line":163,"column":null}},"28":{"start":{"line":164,"column":2},"end":{"line":164,"column":null}},"29":{"start":{"line":164,"column":22},"end":{"line":164,"column":null}},"30":{"start":{"line":165,"column":16},"end":{"line":165,"column":null}},"31":{"start":{"line":166,"column":15},"end":{"line":168,"column":null}},"32":{"start":{"line":169,"column":2},"end":{"line":169,"column":null}},"33":{"start":{"line":172,"column":29},"end":{"line":192,"column":null}},"34":{"start":{"line":181,"column":8},"end":{"line":181,"column":null}},"35":{"start":{"line":182,"column":16},"end":{"line":182,"column":null}},"36":{"start":{"line":183,"column":15},"end":{"line":190,"column":null}},"37":{"start":{"line":191,"column":2},"end":{"line":191,"column":null}},"38":{"start":{"line":194,"column":29},"end":{"line":211,"column":null}},"39":{"start":{"line":201,"column":8},"end":{"line":201,"column":null}},"40":{"start":{"line":202,"column":16},"end":{"line":202,"column":null}},"41":{"start":{"line":203,"column":2},"end":{"line":210,"column":null}},"42":{"start":{"line":213,"column":29},"end":{"line":224,"column":null}},"43":{"start":{"line":214,"column":8},"end":{"line":214,"column":null}},"44":{"start":{"line":215,"column":16},"end":{"line":215,"column":null}},"45":{"start":{"line":216,"column":2},"end":{"line":223,"column":null}},"46":{"start":{"line":226,"column":37},"end":{"line":237,"column":null}},"47":{"start":{"line":227,"column":8},"end":{"line":227,"column":null}},"48":{"start":{"line":228,"column":16},"end":{"line":228,"column":null}},"49":{"start":{"line":229,"column":2},"end":{"line":236,"column":null}},"50":{"start":{"line":239,"column":43},"end":{"line":248,"column":null}},"51":{"start":{"line":240,"column":8},"end":{"line":240,"column":null}},"52":{"start":{"line":241,"column":16},"end":{"line":241,"column":null}},"53":{"start":{"line":242,"column":15},"end":{"line":244,"column":null}},"54":{"start":{"line":246,"column":27},"end":{"line":246,"column":null}},"55":{"start":{"line":247,"column":2},"end":{"line":247,"column":null}},"56":{"start":{"line":247,"column":61},"end":{"line":247,"column":86}},"57":{"start":{"line":250,"column":39},"end":{"line":261,"column":null}},"58":{"start":{"line":251,"column":8},"end":{"line":251,"column":null}},"59":{"start":{"line":252,"column":16},"end":{"line":252,"column":null}},"60":{"start":{"line":253,"column":2},"end":{"line":260,"column":null}},"61":{"start":{"line":263,"column":29},"end":{"line":279,"column":null}},"62":{"start":{"line":268,"column":8},"end":{"line":268,"column":null}},"63":{"start":{"line":269,"column":16},"end":{"line":269,"column":null}},"64":{"start":{"line":270,"column":23},"end":{"line":270,"column":null}},"65":{"start":{"line":271,"column":2},"end":{"line":271,"column":null}},"66":{"start":{"line":271,"column":22},"end":{"line":271,"column":null}},"67":{"start":{"line":272,"column":2},"end":{"line":272,"column":null}},"68":{"start":{"line":272,"column":33},"end":{"line":272,"column":null}},"69":{"start":{"line":273,"column":2},"end":{"line":273,"column":null}},"70":{"start":{"line":273,"column":30},"end":{"line":273,"column":null}},"71":{"start":{"line":274,"column":16},"end":{"line":274,"column":null}},"72":{"start":{"line":275,"column":15},"end":{"line":277,"column":null}},"73":{"start":{"line":278,"column":2},"end":{"line":278,"column":null}},"74":{"start":{"line":281,"column":34},"end":{"line":287,"column":null}},"75":{"start":{"line":282,"column":8},"end":{"line":282,"column":null}},"76":{"start":{"line":283,"column":16},"end":{"line":283,"column":null}},"77":{"start":{"line":284,"column":2},"end":{"line":286,"column":null}},"78":{"start":{"line":289,"column":34},"end":{"line":295,"column":null}},"79":{"start":{"line":290,"column":8},"end":{"line":290,"column":null}},"80":{"start":{"line":291,"column":16},"end":{"line":291,"column":null}},"81":{"start":{"line":292,"column":2},"end":{"line":294,"column":null}},"82":{"start":{"line":297,"column":43},"end":{"line":305,"column":null}},"83":{"start":{"line":298,"column":8},"end":{"line":298,"column":null}},"84":{"start":{"line":299,"column":16},"end":{"line":299,"column":null}},"85":{"start":{"line":300,"column":20},"end":{"line":300,"column":null}},"86":{"start":{"line":302,"column":2},"end":{"line":304,"column":null}},"87":{"start":{"line":307,"column":28},"end":{"line":325,"column":null}},"88":{"start":{"line":314,"column":8},"end":{"line":314,"column":null}},"89":{"start":{"line":315,"column":16},"end":{"line":315,"column":null}},"90":{"start":{"line":316,"column":15},"end":{"line":323,"column":null}},"91":{"start":{"line":324,"column":2},"end":{"line":324,"column":null}},"92":{"start":{"line":327,"column":37},"end":{"line":338,"column":null}},"93":{"start":{"line":328,"column":8},"end":{"line":328,"column":null}},"94":{"start":{"line":329,"column":16},"end":{"line":329,"column":null}},"95":{"start":{"line":330,"column":2},"end":{"line":337,"column":null}},"96":{"start":{"line":340,"column":31},"end":{"line":351,"column":null}},"97":{"start":{"line":341,"column":8},"end":{"line":341,"column":null}},"98":{"start":{"line":342,"column":16},"end":{"line":342,"column":null}},"99":{"start":{"line":343,"column":2},"end":{"line":350,"column":null}},"100":{"start":{"line":353,"column":33},"end":{"line":369,"column":null}},"101":{"start":{"line":359,"column":8},"end":{"line":359,"column":null}},"102":{"start":{"line":360,"column":16},"end":{"line":360,"column":null}},"103":{"start":{"line":361,"column":2},"end":{"line":368,"column":null}},"104":{"start":{"line":371,"column":40},"end":{"line":388,"column":null}},"105":{"start":{"line":372,"column":8},"end":{"line":372,"column":null}},"106":{"start":{"line":373,"column":16},"end":{"line":373,"column":null}},"107":{"start":{"line":374,"column":15},"end":{"line":376,"column":null}},"108":{"start":{"line":378,"column":15},"end":{"line":378,"column":null}},"109":{"start":{"line":379,"column":2},"end":{"line":387,"column":null}},"110":{"start":{"line":380,"column":16},"end":{"line":380,"column":null}},"111":{"start":{"line":381,"column":4},"end":{"line":385,"column":null}},"112":{"start":{"line":390,"column":29},"end":{"line":397,"column":null}},"113":{"start":{"line":391,"column":8},"end":{"line":391,"column":null}},"114":{"start":{"line":392,"column":16},"end":{"line":392,"column":null}},"115":{"start":{"line":393,"column":15},"end":{"line":395,"column":null}},"116":{"start":{"line":396,"column":2},"end":{"line":396,"column":null}},"117":{"start":{"line":399,"column":29},"end":{"line":410,"column":null}},"118":{"start":{"line":400,"column":8},"end":{"line":400,"column":null}},"119":{"start":{"line":401,"column":16},"end":{"line":401,"column":null}},"120":{"start":{"line":402,"column":2},"end":{"line":409,"column":null}}},"fnMap":{"0":{"name":"(anonymous_0)","decl":{"start":{"line":72,"column":31},"end":{"line":72,"column":38}},"loc":{"start":{"line":76,"column":21},"end":{"line":87,"column":null}},"line":76},"1":{"name":"(anonymous_1)","decl":{"start":{"line":89,"column":30},"end":{"line":89,"column":79}},"loc":{"start":{"line":89,"column":79},"end":{"line":96,"column":null}},"line":89},"2":{"name":"(anonymous_2)","decl":{"start":{"line":98,"column":38},"end":{"line":98,"column":45}},"loc":{"start":{"line":109,"column":41},"end":{"line":121,"column":null}},"line":109},"3":{"name":"(anonymous_3)","decl":{"start":{"line":123,"column":38},"end":{"line":123,"column":45}},"loc":{"start":{"line":133,"column":22},"end":{"line":144,"column":null}},"line":133},"4":{"name":"(anonymous_4)","decl":{"start":{"line":146,"column":38},"end":{"line":146,"column":45}},"loc":{"start":{"line":146,"column":75},"end":{"line":157,"column":null}},"line":146},"5":{"name":"(anonymous_5)","decl":{"start":{"line":159,"column":29},"end":{"line":159,"column":36}},"loc":{"start":{"line":159,"column":122},"end":{"line":170,"column":null}},"line":159},"6":{"name":"(anonymous_6)","decl":{"start":{"line":172,"column":29},"end":{"line":172,"column":36}},"loc":{"start":{"line":180,"column":32},"end":{"line":192,"column":null}},"line":180},"7":{"name":"(anonymous_7)","decl":{"start":{"line":194,"column":29},"end":{"line":194,"column":36}},"loc":{"start":{"line":200,"column":22},"end":{"line":211,"column":null}},"line":200},"8":{"name":"(anonymous_8)","decl":{"start":{"line":213,"column":29},"end":{"line":213,"column":36}},"loc":{"start":{"line":213,"column":66},"end":{"line":224,"column":null}},"line":213},"9":{"name":"(anonymous_9)","decl":{"start":{"line":226,"column":37},"end":{"line":226,"column":44}},"loc":{"start":{"line":226,"column":74},"end":{"line":237,"column":null}},"line":226},"10":{"name":"(anonymous_10)","decl":{"start":{"line":239,"column":43},"end":{"line":239,"column":74}},"loc":{"start":{"line":239,"column":74},"end":{"line":248,"column":null}},"line":239},"11":{"name":"(anonymous_11)","decl":{"start":{"line":247,"column":33},"end":{"line":247,"column":34}},"loc":{"start":{"line":247,"column":61},"end":{"line":247,"column":86}},"line":247},"12":{"name":"(anonymous_12)","decl":{"start":{"line":250,"column":39},"end":{"line":250,"column":46}},"loc":{"start":{"line":250,"column":101},"end":{"line":261,"column":null}},"line":250},"13":{"name":"(anonymous_13)","decl":{"start":{"line":263,"column":29},"end":{"line":263,"column":36}},"loc":{"start":{"line":267,"column":41},"end":{"line":279,"column":null}},"line":267},"14":{"name":"(anonymous_14)","decl":{"start":{"line":281,"column":34},"end":{"line":281,"column":70}},"loc":{"start":{"line":281,"column":70},"end":{"line":287,"column":null}},"line":281},"15":{"name":"(anonymous_15)","decl":{"start":{"line":289,"column":34},"end":{"line":289,"column":78}},"loc":{"start":{"line":289,"column":78},"end":{"line":295,"column":null}},"line":289},"16":{"name":"(anonymous_16)","decl":{"start":{"line":297,"column":43},"end":{"line":297,"column":50}},"loc":{"start":{"line":297,"column":106},"end":{"line":305,"column":null}},"line":297},"17":{"name":"(anonymous_17)","decl":{"start":{"line":307,"column":28},"end":{"line":307,"column":35}},"loc":{"start":{"line":313,"column":39},"end":{"line":325,"column":null}},"line":313},"18":{"name":"(anonymous_18)","decl":{"start":{"line":327,"column":37},"end":{"line":327,"column":44}},"loc":{"start":{"line":327,"column":107},"end":{"line":338,"column":null}},"line":327},"19":{"name":"(anonymous_19)","decl":{"start":{"line":340,"column":31},"end":{"line":340,"column":38}},"loc":{"start":{"line":340,"column":147},"end":{"line":351,"column":null}},"line":340},"20":{"name":"(anonymous_20)","decl":{"start":{"line":353,"column":33},"end":{"line":353,"column":null}},"loc":{"start":{"line":358,"column":20},"end":{"line":369,"column":null}},"line":358},"21":{"name":"(anonymous_21)","decl":{"start":{"line":371,"column":40},"end":{"line":371,"column":47}},"loc":{"start":{"line":371,"column":88},"end":{"line":388,"column":null}},"line":371},"22":{"name":"(anonymous_22)","decl":{"start":{"line":379,"column":21},"end":{"line":379,"column":22}},"loc":{"start":{"line":379,"column":54},"end":{"line":387,"column":3}},"line":379},"23":{"name":"(anonymous_23)","decl":{"start":{"line":390,"column":29},"end":{"line":390,"column":61}},"loc":{"start":{"line":390,"column":61},"end":{"line":397,"column":null}},"line":390},"24":{"name":"(anonymous_24)","decl":{"start":{"line":399,"column":29},"end":{"line":399,"column":36}},"loc":{"start":{"line":399,"column":72},"end":{"line":410,"column":null}},"line":399}},"branchMap":{"0":{"loc":{"start":{"line":95,"column":9},"end":{"line":95,"column":null}},"type":"binary-expr","locations":[{"start":{"line":95,"column":9},"end":{"line":95,"column":27}},{"start":{"line":95,"column":27},"end":{"line":95,"column":null}}],"line":95},"1":{"loc":{"start":{"line":163,"column":2},"end":{"line":163,"column":null}},"type":"if","locations":[{"start":{"line":163,"column":2},"end":{"line":163,"column":null}},{"start":{},"end":{}}],"line":163},"2":{"loc":{"start":{"line":164,"column":2},"end":{"line":164,"column":null}},"type":"if","locations":[{"start":{"line":164,"column":2},"end":{"line":164,"column":null}},{"start":{},"end":{}}],"line":164},"3":{"loc":{"start":{"line":166,"column":93},"end":{"line":166,"column":117}},"type":"cond-expr","locations":[{"start":{"line":166,"column":101},"end":{"line":166,"column":115}},{"start":{"line":166,"column":115},"end":{"line":166,"column":117}}],"line":166},"4":{"loc":{"start":{"line":169,"column":9},"end":{"line":169,"column":null}},"type":"binary-expr","locations":[{"start":{"line":169,"column":9},"end":{"line":169,"column":26}},{"start":{"line":169,"column":26},"end":{"line":169,"column":null}}],"line":169},"5":{"loc":{"start":{"line":246,"column":27},"end":{"line":246,"column":null}},"type":"cond-expr","locations":[{"start":{"line":246,"column":66},"end":{"line":246,"column":90}},{"start":{"line":246,"column":90},"end":{"line":246,"column":null}}],"line":246},"6":{"loc":{"start":{"line":271,"column":2},"end":{"line":271,"column":null}},"type":"if","locations":[{"start":{"line":271,"column":2},"end":{"line":271,"column":null}},{"start":{},"end":{}}],"line":271},"7":{"loc":{"start":{"line":272,"column":2},"end":{"line":272,"column":null}},"type":"if","locations":[{"start":{"line":272,"column":2},"end":{"line":272,"column":null}},{"start":{},"end":{}}],"line":272},"8":{"loc":{"start":{"line":273,"column":2},"end":{"line":273,"column":null}},"type":"if","locations":[{"start":{"line":273,"column":2},"end":{"line":273,"column":null}},{"start":{},"end":{}}],"line":273},"9":{"loc":{"start":{"line":275,"column":100},"end":{"line":275,"column":124}},"type":"cond-expr","locations":[{"start":{"line":275,"column":108},"end":{"line":275,"column":122}},{"start":{"line":275,"column":122},"end":{"line":275,"column":124}}],"line":275},"10":{"loc":{"start":{"line":278,"column":9},"end":{"line":278,"column":null}},"type":"binary-expr","locations":[{"start":{"line":278,"column":9},"end":{"line":278,"column":26}},{"start":{"line":278,"column":26},"end":{"line":278,"column":null}}],"line":278},"11":{"loc":{"start":{"line":297,"column":50},"end":{"line":297,"column":106}},"type":"default-arg","locations":[{"start":{"line":297,"column":58},"end":{"line":297,"column":106}}],"line":297},"12":{"loc":{"start":{"line":378,"column":15},"end":{"line":378,"column":null}},"type":"cond-expr","locations":[{"start":{"line":378,"column":42},"end":{"line":378,"column":54}},{"start":{"line":378,"column":54},"end":{"line":378,"column":null}}],"line":378},"13":{"loc":{"start":{"line":382,"column":6},"end":{"line":385,"column":null}},"type":"binary-expr","locations":[{"start":{"line":382,"column":6},"end":{"line":382,"column":null}},{"start":{"line":383,"column":6},"end":{"line":383,"column":null}},{"start":{"line":384,"column":6},"end":{"line":384,"column":null}},{"start":{"line":385,"column":6},"end":{"line":385,"column":null}}],"line":382},"14":{"loc":{"start":{"line":396,"column":9},"end":{"line":396,"column":null}},"type":"binary-expr","locations":[{"start":{"line":396,"column":9},"end":{"line":396,"column":26}},{"start":{"line":396,"column":26},"end":{"line":396,"column":null}}],"line":396}},"s":{"0":1,"1":1,"2":1,"3":1,"4":1,"5":2,"6":2,"7":2,"8":2,"9":1,"10":1,"11":1,"12":1,"13":1,"14":1,"15":1,"16":1,"17":1,"18":1,"19":1,"20":1,"21":1,"22":1,"23":2,"24":2,"25":2,"26":2,"27":1,"28":2,"29":1,"30":2,"31":2,"32":2,"33":1,"34":1,"35":1,"36":1,"37":1,"38":1,"39":1,"40":1,"41":1,"42":1,"43":1,"44":1,"45":1,"46":1,"47":1,"48":1,"49":1,"50":1,"51":3,"52":3,"53":3,"54":3,"55":3,"56":6,"57":1,"58":1,"59":1,"60":1,"61":1,"62":2,"63":2,"64":2,"65":2,"66":1,"67":2,"68":1,"69":2,"70":1,"71":2,"72":2,"73":2,"74":1,"75":1,"76":1,"77":1
[...]
ng","decl":{"start":{"line":50,"column":16},"end":{"line":50,"column":33}},"loc":{"start":{"line":50,"column":61},"end":{"line":62,"column":null}},"line":50},"9":{"name":"getCurrentDayOfWeek","decl":{"start":{"line":64,"column":16},"end":{"line":64,"column":46}},"loc":{"start":{"line":64,"column":46},"end":{"line":75,"column":null}},"line":64},"10":{"name":"formatDateForDisplay","decl":{"start":{"line":77,"column":16},"end":{"line":77,"column":37}},"loc":{"start":{"line":77,"column":65},"end":{"line":91,"column":null}},"line":77},"11":{"name":"getStartOfWeek","decl":{"start":{"line":93,"column":16},"end":{"line":93,"column":41}},"loc":{"start":{"line":93,"column":41},"end":{"line":98,"column":null}},"line":93},"12":{"name":"isToday","decl":{"start":{"line":100,"column":16},"end":{"line":100,"column":24}},"loc":{"start":{"line":100,"column":53},"end":{"line":102,"column":null}},"line":100},"13":{"name":"isSameDay","decl":{"start":{"line":104,"column":16},"end":{"line":104,"column":26}},"loc":{"start":{"line":104,"column":65},"end":{"line":106,"column":null}},"line":104},"14":{"name":"addDays","decl":{"start":{"line":108,"column":16},"end":{"line":108,"column":24}},"loc":{"start":{"line":108,"column":66},"end":{"line":113,"column":null}},"line":108},"15":{"name":"getWeekDates","decl":{"start":{"line":115,"column":16},"end":{"line":115,"column":41}},"loc":{"start":{"line":115,"column":41},"end":{"line":126,"column":null}},"line":115}},"branchMap":{"0":{"loc":{"start":{"line":27,"column":4},"end":{"line":29,"column":null}},"type":"if","locations":[{"start":{"line":27,"column":4},"end":{"line":29,"column":null}},{"start":{},"end":{}}],"line":27},"1":{"loc":{"start":{"line":27,"column":8},"end":{"line":27,"column":33}},"type":"binary-expr","locations":[{"start":{"line":27,"column":8},"end":{"line":27,"column":17}},{"start":{"line":27,"column":17},"end":{"line":27,"column":27}},{"start":{"line":27,"column":27},"end":{"line":27,"column":33}}],"line":27},"2":{"loc":{"start":{"line":38,"column":52},"end":{"line":38,"column":92}},"type":"default-arg","locations":[{"start":{"line":38,"column":69},"end":{"line":38,"column":92}}],"line":38},"3":{"loc":{"start":{"line":81,"column":2},"end":{"line":81,"column":null}},"type":"if","locations":[{"start":{"line":81,"column":2},"end":{"line":81,"column":null}},{"start":{},"end":{}}],"line":81},"4":{"loc":{"start":{"line":82,"column":2},"end":{"line":82,"column":null}},"type":"if","locations":[{"start":{"line":82,"column":2},"end":{"line":82,"column":null}},{"start":{},"end":{}}],"line":82}},"s":{"0":1,"1":1,"2":1,"3":50,"4":1,"5":28,"6":28,"7":1,"8":19,"9":19,"10":19,"11":95,"12":19,"13":19,"14":19,"15":57,"16":19,"17":0,"18":19,"19":0,"20":0,"21":1,"22":2,"23":2,"24":0,"25":14,"26":2,"27":2,"28":2,"29":6,"30":6,"31":0,"32":0,"33":0,"34":3,"35":3,"36":3,"37":1,"38":2,"39":2,"40":1,"41":1,"42":5,"43":5,"44":5,"45":5,"46":2,"47":2,"48":25,"49":25,"50":25,"51":2,"52":2,"53":2,"54":2,"55":2,"56":14,"57":14,"58":2},"f":{"0":50,"1":28,"2":19,"3":95,"4":19,"5":57,"6":2,"7":14,"8":2,"9":6,"10":3,"11":5,"12":2,"13":2,"14":25,"15":2},"b":{"0":[0,19],"1":[19,19,19],"2":[2],"3":[1,2],"4":[1,1]},"meta":{"lastBranch":5,"lastFunction":16,"lastStatement":59,"seen":{"s:3:29:3:Infinity":0,"s:5:30:5:Infinity":1,"s:7:13:7:Infinity":2,"f:7:13:7:14":0,"s:7:32:7:Infinity":3,"s:9:20:12:Infinity":4,"f:9:20:9:21":1,"s:10:29:10:Infinity":5,"s:11:2:11:Infinity":6,"s:14:42:36:Infinity":7,"f:14:42:14:43":2,"s:15:2:35:Infinity":8,"s:16:18:21:Infinity":9,"s:23:17:23:Infinity":10,"f:23:28:23:33":3,"s:23:33:23:50":11,"s:24:18:24:Infinity":12,"f:24:29:24:34":4,"s:24:34:24:52":13,"s:25:16:25:Infinity":14,"f:25:27:25:32":5,"s:25:32:25:48":15,"b:27:4:29:Infinity:undefined:undefined:undefined:undefined":0,"s:27:4:29:Infinity":16,"b:27:8:27:17:27:17:27:27:27:27:27:33":1,"s:28:6:28:Infinity":17,"s:31:4:31:Infinity":18,"s:33:20:33:Infinity":19,"s:34:4:34:Infinity":20,"s:38:39:44:Infinity":21,"f:38:39:38:40":6,"b:38:69:38:92":2,"s:39:2:43:Infinity":22,"s:40:4:40:Infinity":23,"s:42:4:42:Infinity":24,"f:46:16:46:47":7,"s:47:2:47:Infinity":25,"f:50:16:50:33":8,"s:51:15:51:Infinity":26,"s:53:8:59:Infinity":27,"s:61:2:61:Infinity":28,"f:64:16:64:46":9,"s:65:2:74:Infinity":29,"s:66:4:69:Infinity":30,"s:71:17:71:Infinity":31,"s:72:20:72:Infinity":32,"s:73:4:73:Infinity":33,"f:77:16:77:37":10,"s:78:16:78:Infinity":34,"s:79:20:79:Infinity":35,"b:81:2:81:Infinity:undefined:undefined:undefined:undefined":3,"s:81:2:81:Infinity":36,"s:81:28:81:Infinity":37,"b:82:2:82:Infinity:undefined:undefined:undefined:undefined":4,"s:82:2:82:Infinity":38,"s:82:32:82:Infinity":39,"s:84:15:84:Infinity":40,"s:86:2:90:Infinity":41,"f:93:16:93:41":11,"s:94:18:94:Infinity":42,"s:95:23:95:Infinity":43,"s:96:23:96:Infinity":44,"s:97:2:97:Infinity":45,"f:100:16:100:24":12,"s:101:2:101:Infinity":46,"f:104:16:104:26":13,"s:105:2:105:Infinity":47,"f:108:16:108:24":14,"s:109:15:109:Infinity":48,"s:110:2:110:Infinity":49,"s:112:2:112:Infinity":50,"f:115:16:115:41":15,"s:116:26:116:Infinity":51,"s:117:22:117:Infinity":52,"s:118:20:118:Infinity":53,"s:120:2:123:Infinity":54,"s:120:15:120:18":55,"s:121:4:121:Infinity":56,"s:122:4:122:Infinity":57,"s:125:2:125:Infinity":58}}}
,"/Users/xlz/Documents/Code/herculito/src/shared/lib/errorMessages.ts": {"path":"/Users/xlz/Documents/Code/herculito/src/shared/lib/errorMessages.ts","statementMap":{"0":{"start":{"line":3,"column":46},"end":{"line":16,"column":null}},"1":{"start":{"line":18,"column":48},"end":{"line":31,"column":null}},"2":{"start":{"line":33,"column":29},"end":{"line":53,"column":null}},"3":{"start":{"line":34,"column":2},"end":{"line":46,"column":null}},"4":{"start":{"line":35,"column":4},"end":{"line":37,"column":null}},"5":{"start":{"line":36,"column":6},"end":{"line":36,"column":null}},"6":{"start":{"line":39,"column":4},"end":{"line":41,"column":null}},"7":{"start":{"line":40,"column":6},"end":{"line":40,"column":null}},"8":{"start":{"line":43,"column":4},"end":{"line":45,"column":null}},"9":{"start":{"line":44,"column":6},"end":{"line":44,"column":null}},"10":{"start":{"line":48,"column":2},"end":{"line":50,"column":null}},"11":{"start":{"line":49,"column":4},"end":{"line":49,"column":null}},"12":{"start":{"line":52,"column":2},"end":{"line":52,"column":null}}},"fnMap":{"0":{"name":"(anonymous_0)","decl":{"start":{"line":33,"column":29},"end":{"line":33,"column":30}},"loc":{"start":{"line":33,"column":75},"end":{"line":53,"column":null}},"line":33}},"branchMap":{"0":{"loc":{"start":{"line":34,"column":2},"end":{"line":46,"column":null}},"type":"if","locations":[{"start":{"line":34,"column":2},"end":{"line":46,"column":null}},{"start":{},"end":{}}],"line":34},"1":{"loc":{"start":{"line":35,"column":4},"end":{"line":37,"column":null}},"type":"if","locations":[{"start":{"line":35,"column":4},"end":{"line":37,"column":null}},{"start":{},"end":{}}],"line":35},"2":{"loc":{"start":{"line":35,"column":8},"end":{"line":35,"column":49}},"type":"binary-expr","locations":[{"start":{"line":35,"column":8},"end":{"line":35,"column":22}},{"start":{"line":35,"column":22},"end":{"line":35,"column":49}}],"line":35},"3":{"loc":{"start":{"line":39,"column":4},"end":{"line":41,"column":null}},"type":"if","locations":[{"start":{"line":39,"column":4},"end":{"line":41,"column":null}},{"start":{},"end":{}}],"line":39},"4":{"loc":{"start":{"line":43,"column":4},"end":{"line":45,"column":null}},"type":"if","locations":[{"start":{"line":43,"column":4},"end":{"line":45,"column":null}},{"start":{},"end":{}}],"line":43},"5":{"loc":{"start":{"line":43,"column":8},"end":{"line":43,"column":84}},"type":"binary-expr","locations":[{"start":{"line":43,"column":8},"end":{"line":43,"column":25}},{"start":{"line":43,"column":25},"end":{"line":43,"column":84}}],"line":43},"6":{"loc":{"start":{"line":48,"column":2},"end":{"line":50,"column":null}},"type":"if","locations":[{"start":{"line":48,"column":2},"end":{"line":50,"column":null}},{"start":{},"end":{}}],"line":48},"7":{"loc":{"start":{"line":48,"column":6},"end":{"line":48,"column":65}},"type":"binary-expr","locations":[{"start":{"line":48,"column":6},"end":{"line":48,"column":32}},{"start":{"line":48,"column":32},"end":{"line":48,"column":65}}],"line":48}},"s":{"0":1,"1":1,"2":1,"3":3,"4":2,"5":1,"6":1,"7":1,"8":0,"9":0,"10":1,"11":0,"12":1},"f":{"0":3},"b":{"0":[2,1],"1":[1,1],"2":[2,1],"3":[1,0],"4":[0,0],"5":[0,0],"6":[0,1],"7":[1,0]},"meta":{"lastBranch":8,"lastFunction":1,"lastStatement":13,"seen":{"s:3:46:16:Infinity":0,"s:18:48:31:Infinity":1,"s:33:29:53:Infinity":2,"f:33:29:33:30":0,"b:34:2:46:Infinity:undefined:undefined:undefined:undefined":0,"s:34:2:46:Infinity":3,"b:35:4:37:Infinity:undefined:undefined:undefined:undefined":1,"s:35:4:37:Infinity":4,"b:35:8:35:22:35:22:35:49":2,"s:36:6:36:Infinity":5,"b:39:4:41:Infinity:undefined:undefined:undefined:undefined":3,"s:39:4:41:Infinity":6,"s:40:6:40:Infinity":7,"b:43:4:45:Infinity:undefined:undefined:undefined:undefined":4,"s:43:4:45:Infinity":8,"b:43:8:43:25:43:25:43:84":5,"s:44:6:44:Infinity":9,"b:48:2:50:Infinity:undefined:undefined:undefined:undefined":6,"s:48:2:50:Infinity":10,"b:48:6:48:32:48:32:48:65":7,"s:49:4:49:Infinity":11,"s:52:2:52:Infinity":12}}}
,"/Users/xlz/Documents/Code/herculito/src/shared/lib/inputSanitizers.ts": {"path":"/Users/xlz/Documents/Code/herculito/src/shared/lib/inputSanitizers.ts","statementMap":{"0":{"start":{"line":1,"column":35},"end":{"line":3,"column":null}},"1":{"start":{"line":2,"column":2},"end":{"line":2,"column":null}},"2":{"start":{"line":5,"column":34},"end":{"line":12,"column":null}},"3":{"start":{"line":6,"column":2},"end":{"line":11,"column":null}},"4":{"start":{"line":14,"column":28},"end":{"line":16,"column":null}},"5":{"start":{"line":15,"column":2},"end":{"line":15,"column":null}}},"fnMap":{"0":{"name":"(anonymous_0)","decl":{"start":{"line":1,"column":35},"end":{"line":1,"column":36}},"loc":{"start":{"line":1,"column":81},"end":{"line":3,"column":null}},"line":1},"1":{"name":"(anonymous_1)","decl":{"start":{"line":5,"column":34},"end":{"line":5,"column":35}},"loc":{"start":{"line":5,"column":80},"end":{"line":12,"column":null}},"line":5},"2":{"name":"(anonymous_2)","decl":{"start":{"line":14,"column":28},"end":{"line":14,"column":29}},"loc":{"start":{"line":14,"column":81},"end":{"line":16,"column":null}},"line":14}},"branchMap":{},"s":{"0":1,"1":7,"2":1,"3":8,"4":1,"5":8},"f":{"0":7,"1":8,"2":8},"b":{},"meta":{"lastBranch":0,"lastFunction":3,"lastStatement":6,"seen":{"s:1:35:3:Infinity":0,"f:1:35:1:36":0,"s:2:2:2:Infinity":1,"s:5:34:12:Infinity":2,"f:5:34:5:35":1,"s:6:2:11:Infinity":3,"s:14:28:16:Infinity":4,"f:14:28:14:29":2,"s:15:2:15:Infinity":5}}}
,"/Users/xlz/Documents/Code/herculito/src/shared/lib/intl.ts": {"path":"/Users/xlz/Documents/Code/herculito/src/shared/lib/intl.ts","statementMap":{"0":{"start":{"line":1,"column":26},"end":{"line":1,"column":null}},"1":{"start":{"line":3,"column":28},"end":{"line":13,"column":null}},"2":{"start":{"line":8,"column":2},"end":{"line":12,"column":null}},"3":{"start":{"line":9,"column":4},"end":{"line":9,"column":null}},"4":{"start":{"line":11,"column":4},"end":{"line":11,"column":null}},"5":{"start":{"line":15,"column":31},"end":{"line":25,"column":null}},"6":{"start":{"line":20,"column":2},"end":{"line":24,"column":null}},"7":{"start":{"line":21,"column":4},"end":{"line":21,"column":null}},"8":{"start":{"line":23,"column":4},"end":{"line":23,"column":null}},"9":{"start":{"line":27,"column":32},"end":{"line":39,"column":null}},"10":{"start":{"line":33,"column":2},"end":{"line":38,"column":null}},"11":{"start":{"line":34,"column":23},"end":{"line":34,"column":null}},"12":{"start":{"line":35,"column":4},"end":{"line":35,"column":null}},"13":{"start":{"line":37,"column":4},"end":{"line":37,"column":null}}},"fnMap":{"0":{"name":"(anonymous_0)","decl":{"start":{"line":3,"column":28},"end":{"line":3,"column":null}},"loc":{"start":{"line":7,"column":13},"end":{"line":13,"column":null}},"line":7},"1":{"name":"(anonymous_1)","decl":{"start":{"line":15,"column":31},"end":{"line":15,"column":null}},"loc":{"start":{"line":19,"column":13},"end":{"line":25,"column":null}},"line":19},"2":{"name":"(anonymous_2)","decl":{"start":{"line":27,"column":32},"end":{"line":27,"column":null}},"loc":{"start":{"line":32,"column":13},"end":{"line":39,"column":null}},"line":32}},"branchMap":{"0":{"loc":{"start":{"line":6,"column":2},"end":{"line":6,"column":null}},"type":"default-arg","locations":[{"start":{"line":6,"column":19},"end":{"line":6,"column":null}}],"line":6},"1":{"loc":{"start":{"line":18,"column":2},"end":{"line":18,"column":null}},"type":"default-arg","locations":[{"start":{"line":18,"column":19},"end":{"line":18,"column":null}}],"line":18},"2":{"loc":{"start":{"line":31,"column":2},"end":{"line":31,"column":null}},"type":"default-arg","locations":[{"start":{"line":31,"column":19},"end":{"line":31,"column":null}}],"line":31},"3":{"loc":{"start":{"line":35,"column":75},"end":{"line":35,"column":115}},"type":"cond-expr","locations":[{"start":{"line":35,"column":98},"end":{"line":35,"column":109}},{"start":{"line":35,"column":109},"end":{"line":35,"column":115}}],"line":35},"4":{"loc":{"start":{"line":37,"column":23},"end":{"line":37,"column":54}},"type":"cond-expr","locations":[{"start":{"line":37,"column":37},"end":{"line":37,"column":48}},{"start":{"line":37,"column":48},"end":{"line":37,"column":54}}],"line":37}},"s":{"0":2,"1":2,"2":10,"3":10,"4":0,"5":2,"6":8,"7":8,"8":0,"9":2,"10":6,"11":6,"12":6,"13":0},"f":{"0":10,"1":8,"2":6},"b":{"0":[10],"1":[8],"2":[6],"3":[2,4],"4":[0,0]},"meta":{"lastBranch":5,"lastFunction":3,"lastStatement":14,"seen":{"s:1:26:1:Infinity":0,"s:3:28:13:Infinity":1,"f:3:28:3:Infinity":0,"b:6:19:6:Infinity":0,"s:8:2:12:Infinity":2,"s:9:4:9:Infinity":3,"s:11:4:11:Infinity":4,"s:15:31:25:Infinity":5,"f:15:31:15:Infinity":1,"b:18:19:18:Infinity":1,"s:20:2:24:Infinity":6,"s:21:4:21:Infinity":7,"s:23:4:23:Infinity":8,"s:27:32:39:Infinity":9,"f:27:32:27:Infinity":2,"b:31:19:31:Infinity":2,"s:33:2:38:Infinity":10,"s:34:23:34:Infinity":11,"s:35:4:35:Infinity":12,"b:35:98:35:109:35:109:35:115":3,"s:37:4:37:Infinity":13,"b:37:37:37:48:37:48:37:54":4}}}
,"/Users/xlz/Documents/Code/herculito/src/shared/lib/mobileFeedback.ts": {"path":"/Users/xlz/Documents/Code/herculito/src/shared/lib/mobileFeedback.ts","statementMap":{"0":{"start":{"line":1,"column":24},"end":{"line":3,"column":null}},"1":{"start":{"line":2,"column":2},"end":{"line":2,"column":null}},"2":{"start":{"line":5,"column":28},"end":{"line":8,"column":null}},"3":{"start":{"line":6,"column":2},"end":{"line":6,"column":null}},"4":{"start":{"line":6,"column":26},"end":{"line":6,"column":null}},"5":{"start":{"line":7,"column":2},"end":{"line":7,"column":null}},"6":{"start":{"line":10,"column":30},"end":{"line":13,"column":null}},"7":{"start":{"line":11,"column":2},"end":{"line":11,"column":null}},"8":{"start":{"line":11,"column":26},"end":{"line":11,"column":null}},"9":{"start":{"line":12,"column":2},"end":{"line":12,"column":null}}},"fnMap":{"0":{"name":"(anonymous_0)","decl":{"start":{"line":1,"column":24},"end":{"line":1,"column":39}},"loc":{"start":{"line":1,"column":39},"end":{"line":3,"column":null}},"line":1},"1":{"name":"(anonymous_1)","decl":{"start":{"line":5,"column":28},"end":{"line":5,"column":40}},"loc":{"start":{"line":5,"column":40},"end":{"line":8,"column":null}},"line":5},"2":{"name":"(anonymous_2)","decl":{"start":{"line":10,"column":30},"end":{"line":10,"column":42}},"loc":{"start":{"line":10,"column":42},"end":{"line":13,"column":null}},"line":10}},"branchMap":{"0":{"loc":{"start":{"line":2,"column":9},"end":{"line":2,"column":null}},"type":"binary-expr","locations":[{"start":{"line":2,"column":9},"end":{"line":2,"column":45}},{"start":{"line":2,"column":45},"end":{"line":2,"column":null}}],"line":2},"1":{"loc":{"start":{"line":6,"column":2},"end":{"line":6,"column":null}},"type":"if","locations":[{"start":{"line":6,"column":2},"end":{"line":6,"column":null}},{"start":{},"end":{}}],"line":6},"2":{"loc":{"start":{"line":11,"column":2},"end":{"line":11,"column":null}},"type":"if","locations":[{"start":{"line":11,"column":2},"end":{"line":11,"column":null}},{"start":{},"end":{}}],"line":11}},"s":{"0":1,"1":7,"2":1,"3":4,"4":3,"5":1,"6":1,"7":3,"8":2,"9":1},"f":{"0":7,"1":4,"2":3},"b":{"0":[7,5],"1":[3,1],"2":[2,1]},"meta":{"lastBranch":3,"lastFunction":3,"lastStatement":10,"seen":{"s:1:24:3:Infinity":0,"f:1:24:1:39":0,"s:2:2:2:Infinity":1,"b:2:9:2:45:2:45:2:Infinity":0,"s:5:28:8:Infinity":2,"f:5:28:5:40":1,"b:6:2:6:Infinity:undefined:undefined:undefined:undefined":1,"s:6:2:6:Infinity":3,"s:6:26:6:Infinity":4,"s:7:2:7:Infinity":5,"s:10:30:13:Infinity":6,"f:10:30:10:42":2,"b:11:2:11:Infinity:undefined:undefined:undefined:undefined":2,"s:11:2:11:Infinity":7,"s:11:26:11:Infinity":8,"s:12:2:12:Infinity":9}}}
,"/Users/xlz/Documents/Code/herculito/src/shared/lib/promisePool.ts": {"path":"/Users/xlz/Documents/Code/herculito/src/shared/lib/promisePool.ts","statementMap":{"0":{"start":{"line":1,"column":34},"end":{"line":30,"column":null}},"1":{"start":{"line":6,"column":2},"end":{"line":8,"column":null}},"2":{"start":{"line":7,"column":4},"end":{"line":7,"column":null}},"3":{"start":{"line":10,"column":26},"end":{"line":10,"column":null}},"4":{"start":{"line":11,"column":18},"end":{"line":11,"column":null}},"5":{"start":{"line":12,"column":18},"end":{"line":12,"column":null}},"6":{"start":{"line":14,"column":20},"end":{"line":25,"column":null}},"7":{"start":{"line":15,"column":4},"end":{"line":24,"column":null}},"8":{"start":{"line":16,"column":27},"end":{"line":16,"column":null}},"9":{"start":{"line":17,"column":6},"end":{"line":17,"column":null}},"10":{"start":{"line":19,"column":6},"end":{"line":21,"column":null}},"11":{"start":{"line":20,"column":8},"end":{"line":20,"column":null}},"12":{"start":{"line":23,"column":6},"end":{"line":23,"column":null}},"13":{"start":{"line":27,"column":18},"end":{"line":27,"column":null}},"14":{"start":{"line":27,"column":88},"end":{"line":27,"column":99}},"15":{"start":{"line":28,"column":2},"end":{"line":28,"column":null}},"16":{"start":{"line":29,"column":2},"end":{"line":29,"column":null}}},"fnMap":{"0":{"name":"(anonymous_0)","decl":{"start":{"line":1,"column":34},"end":{"line":1,"column":null}},"loc":{"start":{"line":5,"column":19},"end":{"line":30,"column":null}},"line":5},"1":{"name":"(anonymous_1)","decl":{"start":{"line":14,"column":20},"end":{"line":14,"column":47}},"loc":{"start":{"line":14,"column":47},"end":{"line":25,"column":null}},"line":14},"2":{"name":"(anonymous_2)","decl":{"start":{"line":27,"column":82},"end":{"line":27,"column":88}},"loc":{"start":{"line":27,"column":88},"end":{"line":27,"column":99}},"line":27}},"branchMap":{"0":{"loc":{"start":{"line":6,"column":2},"end":{"line":8,"column":null}},"type":"if","locations":[{"start":{"line":6,"column":2},"end":{"line":8,"column":null}},{"start":{},"end":{}}],"line":6},"1":{"loc":{"start":{"line":19,"column":6},"end":{"line":21,"column":null}},"type":"if","locations":[{"start":{"line":19,"column":6},"end":{"line":21,"column":null}},{"start":{},"end":{}}],"line":19}},"s":{"0":1,"1":2,"2":0,"3":2,"4":2,"5":2,"6":2,"7":5,"8":15,"9":15,"10":15,"11":5,"12":10,"13":2,"14":5,"15":2,"16":2},"f":{"0":2,"1":5,"2":5},"b":{"0":[0,2],"1":[5,10]},"meta":{"lastBranch":2,"lastFunction":3,"lastStatement":17,"seen":{"s:1:34:30:Infinity":0,"f:1:34:1:Infinity":0,"b:6:2:8:Infinity:undefined:undefined:undefined:undefined":0,"s:6:2:8:Infinity":1,"s:7:4:7:Infinity":2,"s:10:26:10:Infinity":3,"s:11:18:11:Infinity":4,"s:12:18:12:Infinity":5,"s:14:20:25:Infinity":6,"f:14:20:14:47":1,"s:15:4:24:Infinity":7,"s:16:27:16:Infinity":8,"s:17:6:17:Infinity":9,"b:19:6:21:Infinity:undefined:undefined:undefined:undefined":1,"s:19:6:21:Infinity":10,"s:20:8:20:Infinity":11,"s:23:6:23:Infinity":12,"s:27:18:27:Infinity":13,"f:27:82:27:88":2,"s:27:88:27:99":14,"s:28:2:28:Infinity":15,"s:29:2:29:Infinity":16}}}
}
